2016/08/09 19:49:06 [error] [php] Object of class SiteController could not be converted to string (Z:\home\e-portal-Yii-1.loc\www\protected\views\layouts\main.php:19)
Stack trace:
#0 Z:\home\e-portal-Yii-1.loc\www\Yii_fw_1_1_17\web\widgets\CContentDecorator.php(76): SiteController->renderFile()
#1 Z:\home\e-portal-Yii-1.loc\www\Yii_fw_1_1_17\web\widgets\CContentDecorator.php(54): CContentDecorator->decorate()
#2 Z:\home\e-portal-Yii-1.loc\www\Yii_fw_1_1_17\web\widgets\COutputProcessor.php(44): CContentDecorator->processOutput()
#3 Z:\home\e-portal-Yii-1.loc\www\Yii_fw_1_1_17\web\CBaseController.php(214): CContentDecorator->run()
#4 Z:\home\e-portal-Yii-1.loc\www\Yii_fw_1_1_17\web\CBaseController.php(308): SiteController->endWidget()
#5 Z:\home\e-portal-Yii-1.loc\www\protected\views\layouts\column1.php(6): SiteController->endContent()
#6 Z:\home\e-portal-Yii-1.loc\www\Yii_fw_1_1_17\web\CBaseController.php(126): require()
#7 Z:\home\e-portal-Yii-1.loc\www\Yii_fw_1_1_17\web\CBaseController.php(95): SiteController->renderInternal()
#8 Z:\home\e-portal-Yii-1.loc\www\Yii_fw_1_1_17\web\CController.php(784): SiteController->renderFile()
#9 Z:\home\e-portal-Yii-1.loc\www\protected\controllers\SiteController.php(98): SiteController->render()
#10 Z:\home\e-portal-Yii-1.loc\www\Yii_fw_1_1_17\web\actions\CInlineAction.php(49): SiteController->actionLogin()
#11 Z:\home\e-portal-Yii-1.loc\www\Yii_fw_1_1_17\web\CController.php(308): CInlineAction->runWithParams()
#12 Z:\home\e-portal-Yii-1.loc\www\Yii_fw_1_1_17\web\CController.php(286): SiteController->runAction()
#13 Z:\home\e-portal-Yii-1.loc\www\Yii_fw_1_1_17\web\CController.php(265): SiteController->runActionWithFilters()
#14 Z:\home\e-portal-Yii-1.loc\www\Yii_fw_1_1_17\web\CWebApplication.php(282): SiteController->run()
#15 Z:\home\e-portal-Yii-1.loc\www\Yii_fw_1_1_17\web\CWebApplication.php(141): CWebApplication->runController()
#16 Z:\home\e-portal-Yii-1.loc\www\Yii_fw_1_1_17\base\CApplication.php(185): CWebApplication->processRequest()
#17 Z:\home\e-portal-Yii-1.loc\www\index.php(13): CWebApplication->run()
REQUEST_URI=/index.php?r=site/login
in Z:\home\e-portal-Yii-1.loc\www\protected\views\layouts\main.php (19)
in Z:\home\e-portal-Yii-1.loc\www\protected\views\layouts\column1.php (6)
in Z:\home\e-portal-Yii-1.loc\www\protected\controllers\SiteController.php (98)
2016/08/09 19:55:37 [error] [php] include(User.php) [<a href='function.include'>function.include</a>]: failed to open stream: No such file or directory (Z:\home\e-portal-Yii-1.loc\www\Yii_fw_1_1_17\YiiBase.php:432)
Stack trace:
#0 Z:\home\e-portal-Yii-1.loc\www\protected\controllers\SiteController.php(112): spl_autoload_call()
#1 Z:\home\e-portal-Yii-1.loc\www\Yii_fw_1_1_17\web\actions\CInlineAction.php(49): SiteController->actionRegistration()
#2 Z:\home\e-portal-Yii-1.loc\www\Yii_fw_1_1_17\web\CController.php(308): CInlineAction->runWithParams()
#3 Z:\home\e-portal-Yii-1.loc\www\Yii_fw_1_1_17\web\CController.php(286): SiteController->runAction()
#4 Z:\home\e-portal-Yii-1.loc\www\Yii_fw_1_1_17\web\CController.php(265): SiteController->runActionWithFilters()
#5 Z:\home\e-portal-Yii-1.loc\www\Yii_fw_1_1_17\web\CWebApplication.php(282): SiteController->run()
#6 Z:\home\e-portal-Yii-1.loc\www\Yii_fw_1_1_17\web\CWebApplication.php(141): CWebApplication->runController()
#7 Z:\home\e-portal-Yii-1.loc\www\Yii_fw_1_1_17\base\CApplication.php(185): CWebApplication->processRequest()
#8 Z:\home\e-portal-Yii-1.loc\www\index.php(13): CWebApplication->run()
REQUEST_URI=/index.php?r=site/registration
in Z:\home\e-portal-Yii-1.loc\www\protected\controllers\SiteController.php (112)
in Z:\home\e-portal-Yii-1.loc\www\index.php (13)
2016/08/09 20:00:39 [error] [exception.CHttpException.404] exception 'CHttpException' with message 'Unable to resolve the request "gii".' in Z:\home\e-portal-Yii-1.loc\www\Yii_fw_1_1_17\web\CWebApplication.php:286
Stack trace:
#0 Z:\home\e-portal-Yii-1.loc\www\Yii_fw_1_1_17\web\CWebApplication.php(141): CWebApplication->runController('gii')
#1 Z:\home\e-portal-Yii-1.loc\www\Yii_fw_1_1_17\base\CApplication.php(185): CWebApplication->processRequest()
#2 Z:\home\e-portal-Yii-1.loc\www\index.php(13): CApplication->run()
#3 {main}
REQUEST_URI=/index.php?r=gii
---
2016/08/09 20:10:17 [error] [php] include(User.php) [<a href='function.include'>function.include</a>]: failed to open stream: No such file or directory (Z:\home\e-portal-Yii-1.loc\www\Yii_fw_1_1_17\YiiBase.php:432)
Stack trace:
#0 Z:\home\e-portal-Yii-1.loc\www\protected\controllers\SiteController.php(112): spl_autoload_call()
#1 Z:\home\e-portal-Yii-1.loc\www\Yii_fw_1_1_17\web\actions\CInlineAction.php(49): SiteController->actionRegistration()
#2 Z:\home\e-portal-Yii-1.loc\www\Yii_fw_1_1_17\web\CController.php(308): CInlineAction->runWithParams()
#3 Z:\home\e-portal-Yii-1.loc\www\Yii_fw_1_1_17\web\CController.php(286): SiteController->runAction()
#4 Z:\home\e-portal-Yii-1.loc\www\Yii_fw_1_1_17\web\CController.php(265): SiteController->runActionWithFilters()
#5 Z:\home\e-portal-Yii-1.loc\www\Yii_fw_1_1_17\web\CWebApplication.php(282): SiteController->run()
#6 Z:\home\e-portal-Yii-1.loc\www\Yii_fw_1_1_17\web\CWebApplication.php(141): CWebApplication->runController()
#7 Z:\home\e-portal-Yii-1.loc\www\Yii_fw_1_1_17\base\CApplication.php(185): CWebApplication->processRequest()
#8 Z:\home\e-portal-Yii-1.loc\www\index.php(13): CWebApplication->run()
REQUEST_URI=/index.php?r=site/registration
in Z:\home\e-portal-Yii-1.loc\www\protected\controllers\SiteController.php (112)
in Z:\home\e-portal-Yii-1.loc\www\index.php (13)
2016/08/09 20:12:49 [error] [php] include(User.php) [<a href='function.include'>function.include</a>]: failed to open stream: No such file or directory (Z:\home\e-portal-Yii-1.loc\www\Yii_fw_1_1_17\YiiBase.php:432)
Stack trace:
#0 Z:\home\e-portal-Yii-1.loc\www\protected\controllers\SiteController.php(112): spl_autoload_call()
#1 Z:\home\e-portal-Yii-1.loc\www\Yii_fw_1_1_17\web\actions\CInlineAction.php(49): SiteController->actionRegistration()
#2 Z:\home\e-portal-Yii-1.loc\www\Yii_fw_1_1_17\web\CController.php(308): CInlineAction->runWithParams()
#3 Z:\home\e-portal-Yii-1.loc\www\Yii_fw_1_1_17\web\CController.php(286): SiteController->runAction()
#4 Z:\home\e-portal-Yii-1.loc\www\Yii_fw_1_1_17\web\CController.php(265): SiteController->runActionWithFilters()
#5 Z:\home\e-portal-Yii-1.loc\www\Yii_fw_1_1_17\web\CWebApplication.php(282): SiteController->run()
#6 Z:\home\e-portal-Yii-1.loc\www\Yii_fw_1_1_17\web\CWebApplication.php(141): CWebApplication->runController()
#7 Z:\home\e-portal-Yii-1.loc\www\Yii_fw_1_1_17\base\CApplication.php(185): CWebApplication->processRequest()
#8 Z:\home\e-portal-Yii-1.loc\www\index.php(13): CWebApplication->run()
REQUEST_URI=/index.php?r=site/registration
in Z:\home\e-portal-Yii-1.loc\www\protected\controllers\SiteController.php (112)
in Z:\home\e-portal-Yii-1.loc\www\index.php (13)
2016/08/09 20:12:50 [error] [php] include(User.php) [<a href='function.include'>function.include</a>]: failed to open stream: No such file or directory (Z:\home\e-portal-Yii-1.loc\www\Yii_fw_1_1_17\YiiBase.php:432)
Stack trace:
#0 Z:\home\e-portal-Yii-1.loc\www\protected\controllers\SiteController.php(112): spl_autoload_call()
#1 Z:\home\e-portal-Yii-1.loc\www\Yii_fw_1_1_17\web\actions\CInlineAction.php(49): SiteController->actionRegistration()
#2 Z:\home\e-portal-Yii-1.loc\www\Yii_fw_1_1_17\web\CController.php(308): CInlineAction->runWithParams()
#3 Z:\home\e-portal-Yii-1.loc\www\Yii_fw_1_1_17\web\CController.php(286): SiteController->runAction()
#4 Z:\home\e-portal-Yii-1.loc\www\Yii_fw_1_1_17\web\CController.php(265): SiteController->runActionWithFilters()
#5 Z:\home\e-portal-Yii-1.loc\www\Yii_fw_1_1_17\web\CWebApplication.php(282): SiteController->run()
#6 Z:\home\e-portal-Yii-1.loc\www\Yii_fw_1_1_17\web\CWebApplication.php(141): CWebApplication->runController()
#7 Z:\home\e-portal-Yii-1.loc\www\Yii_fw_1_1_17\base\CApplication.php(185): CWebApplication->processRequest()
#8 Z:\home\e-portal-Yii-1.loc\www\index.php(13): CWebApplication->run()
REQUEST_URI=/index.php?r=site/registration
in Z:\home\e-portal-Yii-1.loc\www\protected\controllers\SiteController.php (112)
in Z:\home\e-portal-Yii-1.loc\www\index.php (13)
2016/08/09 20:12:50 [error] [php] include(User.php) [<a href='function.include'>function.include</a>]: failed to open stream: No such file or directory (Z:\home\e-portal-Yii-1.loc\www\Yii_fw_1_1_17\YiiBase.php:432)
Stack trace:
#0 Z:\home\e-portal-Yii-1.loc\www\protected\controllers\SiteController.php(112): spl_autoload_call()
#1 Z:\home\e-portal-Yii-1.loc\www\Yii_fw_1_1_17\web\actions\CInlineAction.php(49): SiteController->actionRegistration()
#2 Z:\home\e-portal-Yii-1.loc\www\Yii_fw_1_1_17\web\CController.php(308): CInlineAction->runWithParams()
#3 Z:\home\e-portal-Yii-1.loc\www\Yii_fw_1_1_17\web\CController.php(286): SiteController->runAction()
#4 Z:\home\e-portal-Yii-1.loc\www\Yii_fw_1_1_17\web\CController.php(265): SiteController->runActionWithFilters()
#5 Z:\home\e-portal-Yii-1.loc\www\Yii_fw_1_1_17\web\CWebApplication.php(282): SiteController->run()
#6 Z:\home\e-portal-Yii-1.loc\www\Yii_fw_1_1_17\web\CWebApplication.php(141): CWebApplication->runController()
#7 Z:\home\e-portal-Yii-1.loc\www\Yii_fw_1_1_17\base\CApplication.php(185): CWebApplication->processRequest()
#8 Z:\home\e-portal-Yii-1.loc\www\index.php(13): CWebApplication->run()
REQUEST_URI=/index.php?r=site/registration
in Z:\home\e-portal-Yii-1.loc\www\protected\controllers\SiteController.php (112)
in Z:\home\e-portal-Yii-1.loc\www\index.php (13)
2016/08/09 20:20:53 [error] [exception.CException] exception 'CException' with message 'Property "User.rememberMe" is not defined.' in Z:\home\e-portal-Yii-1.loc\www\Yii_fw_1_1_17\base\CComponent.php:130
Stack trace:
#0 Z:\home\e-portal-Yii-1.loc\www\Yii_fw_1_1_17\db\ar\CActiveRecord.php(145): CComponent->__get('rememberMe')
#1 Z:\home\e-portal-Yii-1.loc\www\Yii_fw_1_1_17\web\helpers\CHtml.php(2729): CActiveRecord->__get('rememberMe')
#2 Z:\home\e-portal-Yii-1.loc\www\Yii_fw_1_1_17\web\helpers\CHtml.php(1923): CHtml::resolveValue(Object(User), 'rememberMe')
#3 Z:\home\e-portal-Yii-1.loc\www\Yii_fw_1_1_17\web\widgets\CActiveForm.php(898): CHtml::activeCheckBox(Object(User), 'rememberMe', Array)
#4 Z:\home\e-portal-Yii-1.loc\www\protected\views\site\registration.php(43): CActiveForm->checkBox(Object(User), 'rememberMe')
#5 Z:\home\e-portal-Yii-1.loc\www\Yii_fw_1_1_17\web\CBaseController.php(126): require('Z:\home\e-porta...')
#6 Z:\home\e-portal-Yii-1.loc\www\Yii_fw_1_1_17\web\CBaseController.php(95): CBaseController->renderInternal('Z:\home\e-porta...', Array, true)
#7 Z:\home\e-portal-Yii-1.loc\www\Yii_fw_1_1_17\web\CController.php(869): CBaseController->renderFile('Z:\home\e-porta...', Array, true)
#8 Z:\home\e-portal-Yii-1.loc\www\Yii_fw_1_1_17\web\CController.php(782): CController->renderPartial('registration', Array, true)
#9 Z:\home\e-portal-Yii-1.loc\www\protected\controllers\SiteController.php(128): CController->render('registration', Array)
#10 Z:\home\e-portal-Yii-1.loc\www\Yii_fw_1_1_17\web\actions\CInlineAction.php(49): SiteController->actionRegistration()
#11 Z:\home\e-portal-Yii-1.loc\www\Yii_fw_1_1_17\web\CController.php(308): CInlineAction->runWithParams(Array)
#12 Z:\home\e-portal-Yii-1.loc\www\Yii_fw_1_1_17\web\CController.php(286): CController->runAction(Object(CInlineAction))
#13 Z:\home\e-portal-Yii-1.loc\www\Yii_fw_1_1_17\web\CController.php(265): CController->runActionWithFilters(Object(CInlineAction), Array)
#14 Z:\home\e-portal-Yii-1.loc\www\Yii_fw_1_1_17\web\CWebApplication.php(282): CController->run('registration')
#15 Z:\home\e-portal-Yii-1.loc\www\Yii_fw_1_1_17\web\CWebApplication.php(141): CWebApplication->runController('site/registrati...')
#16 Z:\home\e-portal-Yii-1.loc\www\Yii_fw_1_1_17\base\CApplication.php(185): CWebApplication->processRequest()
#17 Z:\home\e-portal-Yii-1.loc\www\index.php(13): CApplication->run()
#18 {main}
REQUEST_URI=/index.php?r=site/registration
HTTP_REFERER=http://e-portal-yii-1.loc/index.php?r=site/login
---
2016/08/09 20:23:37 [error] [exception.CException] exception 'CException' with message 'Property "User.rememberMe" is not defined.' in Z:\home\e-portal-Yii-1.loc\www\Yii_fw_1_1_17\base\CComponent.php:130
Stack trace:
#0 Z:\home\e-portal-Yii-1.loc\www\Yii_fw_1_1_17\db\ar\CActiveRecord.php(145): CComponent->__get('rememberMe')
#1 Z:\home\e-portal-Yii-1.loc\www\Yii_fw_1_1_17\web\helpers\CHtml.php(2729): CActiveRecord->__get('rememberMe')
#2 Z:\home\e-portal-Yii-1.loc\www\Yii_fw_1_1_17\web\helpers\CHtml.php(1923): CHtml::resolveValue(Object(User), 'rememberMe')
#3 Z:\home\e-portal-Yii-1.loc\www\Yii_fw_1_1_17\web\widgets\CActiveForm.php(898): CHtml::activeCheckBox(Object(User), 'rememberMe', Array)
#4 Z:\home\e-portal-Yii-1.loc\www\protected\views\site\registration.php(41): CActiveForm->checkBox(Object(User), 'rememberMe')
#5 Z:\home\e-portal-Yii-1.loc\www\Yii_fw_1_1_17\web\CBaseController.php(126): require('Z:\home\e-porta...')
#6 Z:\home\e-portal-Yii-1.loc\www\Yii_fw_1_1_17\web\CBaseController.php(95): CBaseController->renderInternal('Z:\home\e-porta...', Array, true)
#7 Z:\home\e-portal-Yii-1.loc\www\Yii_fw_1_1_17\web\CController.php(869): CBaseController->renderFile('Z:\home\e-porta...', Array, true)
#8 Z:\home\e-portal-Yii-1.loc\www\Yii_fw_1_1_17\web\CController.php(782): CController->renderPartial('registration', Array, true)
#9 Z:\home\e-portal-Yii-1.loc\www\protected\controllers\SiteController.php(128): CController->render('registration', Array)
#10 Z:\home\e-portal-Yii-1.loc\www\Yii_fw_1_1_17\web\actions\CInlineAction.php(49): SiteController->actionRegistration()
#11 Z:\home\e-portal-Yii-1.loc\www\Yii_fw_1_1_17\web\CController.php(308): CInlineAction->runWithParams(Array)
#12 Z:\home\e-portal-Yii-1.loc\www\Yii_fw_1_1_17\web\CController.php(286): CController->runAction(Object(CInlineAction))
#13 Z:\home\e-portal-Yii-1.loc\www\Yii_fw_1_1_17\web\CController.php(265): CController->runActionWithFilters(Object(CInlineAction), Array)
#14 Z:\home\e-portal-Yii-1.loc\www\Yii_fw_1_1_17\web\CWebApplication.php(282): CController->run('registration')
#15 Z:\home\e-portal-Yii-1.loc\www\Yii_fw_1_1_17\web\CWebApplication.php(141): CWebApplication->runController('site/registrati...')
#16 Z:\home\e-portal-Yii-1.loc\www\Yii_fw_1_1_17\base\CApplication.php(185): CWebApplication->processRequest()
#17 Z:\home\e-portal-Yii-1.loc\www\index.php(13): CApplication->run()
#18 {main}
REQUEST_URI=/index.php?r=site/registration
HTTP_REFERER=http://e-portal-yii-1.loc/index.php?r=site/login
---
2016/08/10 08:25:02 [error] [exception.CException] exception 'CException' with message 'Не определено свойство "User.name".' in Z:\home\e-portal-Yii-1.loc\www\Yii_fw_1_1_17\base\CComponent.php:130
Stack trace:
#0 Z:\home\e-portal-Yii-1.loc\www\Yii_fw_1_1_17\db\ar\CActiveRecord.php(145): CComponent->__get('name')
#1 Z:\home\e-portal-Yii-1.loc\www\protected\controllers\SiteController.php(125): CActiveRecord->__get('name')
#2 Z:\home\e-portal-Yii-1.loc\www\Yii_fw_1_1_17\web\actions\CInlineAction.php(49): SiteController->actionRegistration()
#3 Z:\home\e-portal-Yii-1.loc\www\Yii_fw_1_1_17\web\CController.php(308): CInlineAction->runWithParams(Array)
#4 Z:\home\e-portal-Yii-1.loc\www\Yii_fw_1_1_17\web\CController.php(286): CController->runAction(Object(CInlineAction))
#5 Z:\home\e-portal-Yii-1.loc\www\Yii_fw_1_1_17\web\CController.php(265): CController->runActionWithFilters(Object(CInlineAction), Array)
#6 Z:\home\e-portal-Yii-1.loc\www\Yii_fw_1_1_17\web\CWebApplication.php(282): CController->run('registration')
#7 Z:\home\e-portal-Yii-1.loc\www\Yii_fw_1_1_17\web\CWebApplication.php(141): CWebApplication->runController('site/registrati...')
#8 Z:\home\e-portal-Yii-1.loc\www\Yii_fw_1_1_17\base\CApplication.php(185): CWebApplication->processRequest()
#9 Z:\home\e-portal-Yii-1.loc\www\index.php(13): CApplication->run()
#10 {main}
REQUEST_URI=/index.php?r=site/registration
HTTP_REFERER=http://www.e-portal-yii-1.loc/index.php?r=site/registration
---
2016/08/10 08:26:04 [error] [exception.CException] exception 'CException' with message 'Не определено свойство "User.name".' in Z:\home\e-portal-Yii-1.loc\www\Yii_fw_1_1_17\base\CComponent.php:130
Stack trace:
#0 Z:\home\e-portal-Yii-1.loc\www\Yii_fw_1_1_17\db\ar\CActiveRecord.php(145): CComponent->__get('name')
#1 Z:\home\e-portal-Yii-1.loc\www\protected\controllers\SiteController.php(125): CActiveRecord->__get('name')
#2 Z:\home\e-portal-Yii-1.loc\www\Yii_fw_1_1_17\web\actions\CInlineAction.php(49): SiteController->actionRegistration()
#3 Z:\home\e-portal-Yii-1.loc\www\Yii_fw_1_1_17\web\CController.php(308): CInlineAction->runWithParams(Array)
#4 Z:\home\e-portal-Yii-1.loc\www\Yii_fw_1_1_17\web\CController.php(286): CController->runAction(Object(CInlineAction))
#5 Z:\home\e-portal-Yii-1.loc\www\Yii_fw_1_1_17\web\CController.php(265): CController->runActionWithFilters(Object(CInlineAction), Array)
#6 Z:\home\e-portal-Yii-1.loc\www\Yii_fw_1_1_17\web\CWebApplication.php(282): CController->run('registration')
#7 Z:\home\e-portal-Yii-1.loc\www\Yii_fw_1_1_17\web\CWebApplication.php(141): CWebApplication->runController('site/registrati...')
#8 Z:\home\e-portal-Yii-1.loc\www\Yii_fw_1_1_17\base\CApplication.php(185): CWebApplication->processRequest()
#9 Z:\home\e-portal-Yii-1.loc\www\index.php(13): CApplication->run()
#10 {main}
REQUEST_URI=/index.php?r=site/registration
HTTP_REFERER=http://www.e-portal-yii-1.loc/index.php?r=site/registration
---
2016/08/10 08:29:49 [error] [exception.CException] exception 'CException' with message 'Не определено свойство "User.body".' in Z:\home\e-portal-Yii-1.loc\www\Yii_fw_1_1_17\base\CComponent.php:130
Stack trace:
#0 Z:\home\e-portal-Yii-1.loc\www\Yii_fw_1_1_17\db\ar\CActiveRecord.php(145): CComponent->__get('body')
#1 Z:\home\e-portal-Yii-1.loc\www\protected\controllers\SiteController.php(131): CActiveRecord->__get('body')
#2 Z:\home\e-portal-Yii-1.loc\www\Yii_fw_1_1_17\web\actions\CInlineAction.php(49): SiteController->actionRegistration()
#3 Z:\home\e-portal-Yii-1.loc\www\Yii_fw_1_1_17\web\CController.php(308): CInlineAction->runWithParams(Array)
#4 Z:\home\e-portal-Yii-1.loc\www\Yii_fw_1_1_17\web\CController.php(286): CController->runAction(Object(CInlineAction))
#5 Z:\home\e-portal-Yii-1.loc\www\Yii_fw_1_1_17\web\CController.php(265): CController->runActionWithFilters(Object(CInlineAction), Array)
#6 Z:\home\e-portal-Yii-1.loc\www\Yii_fw_1_1_17\web\CWebApplication.php(282): CController->run('registration')
#7 Z:\home\e-portal-Yii-1.loc\www\Yii_fw_1_1_17\web\CWebApplication.php(141): CWebApplication->runController('site/registrati...')
#8 Z:\home\e-portal-Yii-1.loc\www\Yii_fw_1_1_17\base\CApplication.php(185): CWebApplication->processRequest()
#9 Z:\home\e-portal-Yii-1.loc\www\index.php(13): CApplication->run()
#10 {main}
REQUEST_URI=/index.php?r=site/registration
HTTP_REFERER=http://www.e-portal-yii-1.loc/index.php?r=site/registration
---
2016/08/10 08:35:27 [error] [exception.CException] exception 'CException' with message 'Не определено свойство "User.body".' in Z:\home\e-portal-Yii-1.loc\www\Yii_fw_1_1_17\base\CComponent.php:130
Stack trace:
#0 Z:\home\e-portal-Yii-1.loc\www\Yii_fw_1_1_17\db\ar\CActiveRecord.php(145): CComponent->__get('body')
#1 Z:\home\e-portal-Yii-1.loc\www\protected\controllers\SiteController.php(116): CActiveRecord->__get('body')
#2 Z:\home\e-portal-Yii-1.loc\www\Yii_fw_1_1_17\web\actions\CInlineAction.php(49): SiteController->actionRegistration()
#3 Z:\home\e-portal-Yii-1.loc\www\Yii_fw_1_1_17\web\CController.php(308): CInlineAction->runWithParams(Array)
#4 Z:\home\e-portal-Yii-1.loc\www\Yii_fw_1_1_17\web\CController.php(286): CController->runAction(Object(CInlineAction))
#5 Z:\home\e-portal-Yii-1.loc\www\Yii_fw_1_1_17\web\CController.php(265): CController->runActionWithFilters(Object(CInlineAction), Array)
#6 Z:\home\e-portal-Yii-1.loc\www\Yii_fw_1_1_17\web\CWebApplication.php(282): CController->run('registration')
#7 Z:\home\e-portal-Yii-1.loc\www\Yii_fw_1_1_17\web\CWebApplication.php(141): CWebApplication->runController('site/registrati...')
#8 Z:\home\e-portal-Yii-1.loc\www\Yii_fw_1_1_17\base\CApplication.php(185): CWebApplication->processRequest()
#9 Z:\home\e-portal-Yii-1.loc\www\index.php(13): CApplication->run()
#10 {main}
REQUEST_URI=/index.php?r=site/registration
---
2016/08/10 08:35:31 [error] [exception.CException] exception 'CException' with message 'Не определено свойство "User.body".' in Z:\home\e-portal-Yii-1.loc\www\Yii_fw_1_1_17\base\CComponent.php:130
Stack trace:
#0 Z:\home\e-portal-Yii-1.loc\www\Yii_fw_1_1_17\db\ar\CActiveRecord.php(145): CComponent->__get('body')
#1 Z:\home\e-portal-Yii-1.loc\www\protected\controllers\SiteController.php(116): CActiveRecord->__get('body')
#2 Z:\home\e-portal-Yii-1.loc\www\Yii_fw_1_1_17\web\actions\CInlineAction.php(49): SiteController->actionRegistration()
#3 Z:\home\e-portal-Yii-1.loc\www\Yii_fw_1_1_17\web\CController.php(308): CInlineAction->runWithParams(Array)
#4 Z:\home\e-portal-Yii-1.loc\www\Yii_fw_1_1_17\web\CController.php(286): CController->runAction(Object(CInlineAction))
#5 Z:\home\e-portal-Yii-1.loc\www\Yii_fw_1_1_17\web\CController.php(265): CController->runActionWithFilters(Object(CInlineAction), Array)
#6 Z:\home\e-portal-Yii-1.loc\www\Yii_fw_1_1_17\web\CWebApplication.php(282): CController->run('registration')
#7 Z:\home\e-portal-Yii-1.loc\www\Yii_fw_1_1_17\web\CWebApplication.php(141): CWebApplication->runController('site/registrati...')
#8 Z:\home\e-portal-Yii-1.loc\www\Yii_fw_1_1_17\base\CApplication.php(185): CWebApplication->processRequest()
#9 Z:\home\e-portal-Yii-1.loc\www\index.php(13): CApplication->run()
#10 {main}
REQUEST_URI=/index.php?r=site/registration
---
2016/08/10 08:35:31 [error] [exception.CException] exception 'CException' with message 'Не определено свойство "User.body".' in Z:\home\e-portal-Yii-1.loc\www\Yii_fw_1_1_17\base\CComponent.php:130
Stack trace:
#0 Z:\home\e-portal-Yii-1.loc\www\Yii_fw_1_1_17\db\ar\CActiveRecord.php(145): CComponent->__get('body')
#1 Z:\home\e-portal-Yii-1.loc\www\protected\controllers\SiteController.php(116): CActiveRecord->__get('body')
#2 Z:\home\e-portal-Yii-1.loc\www\Yii_fw_1_1_17\web\actions\CInlineAction.php(49): SiteController->actionRegistration()
#3 Z:\home\e-portal-Yii-1.loc\www\Yii_fw_1_1_17\web\CController.php(308): CInlineAction->runWithParams(Array)
#4 Z:\home\e-portal-Yii-1.loc\www\Yii_fw_1_1_17\web\CController.php(286): CController->runAction(Object(CInlineAction))
#5 Z:\home\e-portal-Yii-1.loc\www\Yii_fw_1_1_17\web\CController.php(265): CController->runActionWithFilters(Object(CInlineAction), Array)
#6 Z:\home\e-portal-Yii-1.loc\www\Yii_fw_1_1_17\web\CWebApplication.php(282): CController->run('registration')
#7 Z:\home\e-portal-Yii-1.loc\www\Yii_fw_1_1_17\web\CWebApplication.php(141): CWebApplication->runController('site/registrati...')
#8 Z:\home\e-portal-Yii-1.loc\www\Yii_fw_1_1_17\base\CApplication.php(185): CWebApplication->processRequest()
#9 Z:\home\e-portal-Yii-1.loc\www\index.php(13): CApplication->run()
#10 {main}
REQUEST_URI=/index.php?r=site/registration
---
2016/08/10 08:35:43 [error] [exception.CException] exception 'CException' with message 'Не определено свойство "User.body".' in Z:\home\e-portal-Yii-1.loc\www\Yii_fw_1_1_17\base\CComponent.php:173
Stack trace:
#0 Z:\home\e-portal-Yii-1.loc\www\Yii_fw_1_1_17\db\ar\CActiveRecord.php(161): CComponent->__set('body', '0')
#1 Z:\home\e-portal-Yii-1.loc\www\protected\controllers\SiteController.php(116): CActiveRecord->__set('body', '0')
#2 Z:\home\e-portal-Yii-1.loc\www\Yii_fw_1_1_17\web\actions\CInlineAction.php(49): SiteController->actionRegistration()
#3 Z:\home\e-portal-Yii-1.loc\www\Yii_fw_1_1_17\web\CController.php(308): CInlineAction->runWithParams(Array)
#4 Z:\home\e-portal-Yii-1.loc\www\Yii_fw_1_1_17\web\CController.php(286): CController->runAction(Object(CInlineAction))
#5 Z:\home\e-portal-Yii-1.loc\www\Yii_fw_1_1_17\web\CController.php(265): CController->runActionWithFilters(Object(CInlineAction), Array)
#6 Z:\home\e-portal-Yii-1.loc\www\Yii_fw_1_1_17\web\CWebApplication.php(282): CController->run('registration')
#7 Z:\home\e-portal-Yii-1.loc\www\Yii_fw_1_1_17\web\CWebApplication.php(141): CWebApplication->runController('site/registrati...')
#8 Z:\home\e-portal-Yii-1.loc\www\Yii_fw_1_1_17\base\CApplication.php(185): CWebApplication->processRequest()
#9 Z:\home\e-portal-Yii-1.loc\www\index.php(13): CApplication->run()
#10 {main}
REQUEST_URI=/index.php?r=site/registration
---
2016/08/10 08:35:45 [error] [exception.CException] exception 'CException' with message 'Не определено свойство "User.body".' in Z:\home\e-portal-Yii-1.loc\www\Yii_fw_1_1_17\base\CComponent.php:173
Stack trace:
#0 Z:\home\e-portal-Yii-1.loc\www\Yii_fw_1_1_17\db\ar\CActiveRecord.php(161): CComponent->__set('body', '0')
#1 Z:\home\e-portal-Yii-1.loc\www\protected\controllers\SiteController.php(116): CActiveRecord->__set('body', '0')
#2 Z:\home\e-portal-Yii-1.loc\www\Yii_fw_1_1_17\web\actions\CInlineAction.php(49): SiteController->actionRegistration()
#3 Z:\home\e-portal-Yii-1.loc\www\Yii_fw_1_1_17\web\CController.php(308): CInlineAction->runWithParams(Array)
#4 Z:\home\e-portal-Yii-1.loc\www\Yii_fw_1_1_17\web\CController.php(286): CController->runAction(Object(CInlineAction))
#5 Z:\home\e-portal-Yii-1.loc\www\Yii_fw_1_1_17\web\CController.php(265): CController->runActionWithFilters(Object(CInlineAction), Array)
#6 Z:\home\e-portal-Yii-1.loc\www\Yii_fw_1_1_17\web\CWebApplication.php(282): CController->run('registration')
#7 Z:\home\e-portal-Yii-1.loc\www\Yii_fw_1_1_17\web\CWebApplication.php(141): CWebApplication->runController('site/registrati...')
#8 Z:\home\e-portal-Yii-1.loc\www\Yii_fw_1_1_17\base\CApplication.php(185): CWebApplication->processRequest()
#9 Z:\home\e-portal-Yii-1.loc\www\index.php(13): CApplication->run()
#10 {main}
REQUEST_URI=/index.php?r=site/registration
---
2016/08/10 13:37:25 [error] [exception.CHttpException.404] exception 'CHttpException' with message 'Системе не удалось найти запрашиваемое действие "activation?шв=4".' in Z:\home\e-portal-Yii-1.loc\www\Yii_fw_1_1_17\web\CController.php:483
Stack trace:
#0 Z:\home\e-portal-Yii-1.loc\www\Yii_fw_1_1_17\web\CController.php(270): CController->missingAction('activation?????...')
#1 Z:\home\e-portal-Yii-1.loc\www\Yii_fw_1_1_17\web\CWebApplication.php(282): CController->run('activation?????...')
#2 Z:\home\e-portal-Yii-1.loc\www\Yii_fw_1_1_17\web\CWebApplication.php(141): CWebApplication->runController('site/activation...')
#3 Z:\home\e-portal-Yii-1.loc\www\Yii_fw_1_1_17\base\CApplication.php(185): CWebApplication->processRequest()
#4 Z:\home\e-portal-Yii-1.loc\www\index.php(13): CApplication->run()
#5 {main}
REQUEST_URI=/index.php?r=site/activation?%D1%88%D0%B2=4
---
2016/08/10 13:37:33 [error] [exception.CHttpException.404] exception 'CHttpException' with message 'Системе не удалось найти запрашиваемое действие "activation?id=4".' in Z:\home\e-portal-Yii-1.loc\www\Yii_fw_1_1_17\web\CController.php:483
Stack trace:
#0 Z:\home\e-portal-Yii-1.loc\www\Yii_fw_1_1_17\web\CController.php(270): CController->missingAction('activation?id=4')
#1 Z:\home\e-portal-Yii-1.loc\www\Yii_fw_1_1_17\web\CWebApplication.php(282): CController->run('activation?id=4')
#2 Z:\home\e-portal-Yii-1.loc\www\Yii_fw_1_1_17\web\CWebApplication.php(141): CWebApplication->runController('site/activation...')
#3 Z:\home\e-portal-Yii-1.loc\www\Yii_fw_1_1_17\base\CApplication.php(185): CWebApplication->processRequest()
#4 Z:\home\e-portal-Yii-1.loc\www\index.php(13): CApplication->run()
#5 {main}
REQUEST_URI=/index.php?r=site/activation?id=4
---
2016/08/10 13:38:19 [error] [exception.CHttpException.404] exception 'CHttpException' with message 'Системе не удалось найти запрашиваемое действие "activation?id=4".' in Z:\home\e-portal-Yii-1.loc\www\Yii_fw_1_1_17\web\CController.php:483
Stack trace:
#0 Z:\home\e-portal-Yii-1.loc\www\Yii_fw_1_1_17\web\CController.php(270): CController->missingAction('activation?id=4')
#1 Z:\home\e-portal-Yii-1.loc\www\Yii_fw_1_1_17\web\CWebApplication.php(282): CController->run('activation?id=4')
#2 Z:\home\e-portal-Yii-1.loc\www\Yii_fw_1_1_17\web\CWebApplication.php(141): CWebApplication->runController('site/activation...')
#3 Z:\home\e-portal-Yii-1.loc\www\Yii_fw_1_1_17\base\CApplication.php(185): CWebApplication->processRequest()
#4 Z:\home\e-portal-Yii-1.loc\www\index.php(13): CApplication->run()
#5 {main}
REQUEST_URI=/index.php?r=site/activation?id=4
---
2016/08/10 13:38:21 [error] [exception.CHttpException.404] exception 'CHttpException' with message 'Системе не удалось найти запрашиваемое действие "activation?id=4".' in Z:\home\e-portal-Yii-1.loc\www\Yii_fw_1_1_17\web\CController.php:483
Stack trace:
#0 Z:\home\e-portal-Yii-1.loc\www\Yii_fw_1_1_17\web\CController.php(270): CController->missingAction('activation?id=4')
#1 Z:\home\e-portal-Yii-1.loc\www\Yii_fw_1_1_17\web\CWebApplication.php(282): CController->run('activation?id=4')
#2 Z:\home\e-portal-Yii-1.loc\www\Yii_fw_1_1_17\web\CWebApplication.php(141): CWebApplication->runController('site/activation...')
#3 Z:\home\e-portal-Yii-1.loc\www\Yii_fw_1_1_17\base\CApplication.php(185): CWebApplication->processRequest()
#4 Z:\home\e-portal-Yii-1.loc\www\index.php(13): CApplication->run()
#5 {main}
REQUEST_URI=/index.php?r=site/activation?id=4
---
2016/08/10 13:38:25 [error] [exception.CHttpException.400] exception 'CHttpException' with message 'Некорректный запрос.' in Z:\home\e-portal-Yii-1.loc\www\Yii_fw_1_1_17\web\CController.php:336
Stack trace:
#0 Z:\home\e-portal-Yii-1.loc\www\Yii_fw_1_1_17\web\CController.php(309): CController->invalidActionParams(Object(CInlineAction))
#1 Z:\home\e-portal-Yii-1.loc\www\Yii_fw_1_1_17\web\CController.php(286): CController->runAction(Object(CInlineAction))
#2 Z:\home\e-portal-Yii-1.loc\www\Yii_fw_1_1_17\web\CController.php(265): CController->runActionWithFilters(Object(CInlineAction), Array)
#3 Z:\home\e-portal-Yii-1.loc\www\Yii_fw_1_1_17\web\CWebApplication.php(282): CController->run('activation')
#4 Z:\home\e-portal-Yii-1.loc\www\Yii_fw_1_1_17\web\CWebApplication.php(141): CWebApplication->runController('site/activation')
#5 Z:\home\e-portal-Yii-1.loc\www\Yii_fw_1_1_17\base\CApplication.php(185): CWebApplication->processRequest()
#6 Z:\home\e-portal-Yii-1.loc\www\index.php(13): CApplication->run()
#7 {main}
REQUEST_URI=/index.php?r=site/activation
---
2016/08/10 13:38:31 [error] [exception.CHttpException.400] exception 'CHttpException' with message 'Некорректный запрос.' in Z:\home\e-portal-Yii-1.loc\www\Yii_fw_1_1_17\web\CController.php:336
Stack trace:
#0 Z:\home\e-portal-Yii-1.loc\www\Yii_fw_1_1_17\web\CController.php(309): CController->invalidActionParams(Object(CInlineAction))
#1 Z:\home\e-portal-Yii-1.loc\www\Yii_fw_1_1_17\web\CController.php(286): CController->runAction(Object(CInlineAction))
#2 Z:\home\e-portal-Yii-1.loc\www\Yii_fw_1_1_17\web\CController.php(265): CController->runActionWithFilters(Object(CInlineAction), Array)
#3 Z:\home\e-portal-Yii-1.loc\www\Yii_fw_1_1_17\web\CWebApplication.php(282): CController->run('activation')
#4 Z:\home\e-portal-Yii-1.loc\www\Yii_fw_1_1_17\web\CWebApplication.php(141): CWebApplication->runController('site/activation')
#5 Z:\home\e-portal-Yii-1.loc\www\Yii_fw_1_1_17\base\CApplication.php(185): CWebApplication->processRequest()
#6 Z:\home\e-portal-Yii-1.loc\www\index.php(13): CApplication->run()
#7 {main}
REQUEST_URI=/index.php?r=site/activation
---
2016/08/10 15:26:49 [error] [exception.CException] exception 'CException' with message 'Не определено свойство "CDbCriteria.0".' in Z:\home\e-portal-Yii-1.loc\www\Yii_fw_1_1_17\base\CComponent.php:173
Stack trace:
#0 Z:\home\e-portal-Yii-1.loc\www\Yii_fw_1_1_17\db\schema\CDbCriteria.php(160): CComponent->__set('0', 'accode=:key')
#1 Z:\home\e-portal-Yii-1.loc\www\Yii_fw_1_1_17\db\schema\CDbCommandBuilder.php(588): CDbCriteria->__construct(Array)
#2 Z:\home\e-portal-Yii-1.loc\www\Yii_fw_1_1_17\db\ar\CActiveRecord.php(1460): CDbCommandBuilder->createCriteria(Array, Array)
#3 Z:\home\e-portal-Yii-1.loc\www\protected\controllers\SiteController.php(151): CActiveRecord->find(Array, Array)
#4 Z:\home\e-portal-Yii-1.loc\www\Yii_fw_1_1_17\web\actions\CInlineAction.php(49): SiteController->actionActivation()
#5 Z:\home\e-portal-Yii-1.loc\www\Yii_fw_1_1_17\web\CController.php(308): CInlineAction->runWithParams(Array)
#6 Z:\home\e-portal-Yii-1.loc\www\Yii_fw_1_1_17\web\CController.php(286): CController->runAction(Object(CInlineAction))
#7 Z:\home\e-portal-Yii-1.loc\www\Yii_fw_1_1_17\web\CController.php(265): CController->runActionWithFilters(Object(CInlineAction), Array)
#8 Z:\home\e-portal-Yii-1.loc\www\Yii_fw_1_1_17\web\CWebApplication.php(282): CController->run('activation')
#9 Z:\home\e-portal-Yii-1.loc\www\Yii_fw_1_1_17\web\CWebApplication.php(141): CWebApplication->runController('site/activation')
#10 Z:\home\e-portal-Yii-1.loc\www\Yii_fw_1_1_17\base\CApplication.php(185): CWebApplication->processRequest()
#11 Z:\home\e-portal-Yii-1.loc\www\index.php(13): CApplication->run()
#12 {main}
REQUEST_URI=/index.php?r=site/activation&key=58662dfd5c45669218a2bdc98006e8dd
---
2016/08/10 15:27:51 [error] [exception.CException] exception 'CException' with message 'Не определено свойство "CDbCriteria.0".' in Z:\home\e-portal-Yii-1.loc\www\Yii_fw_1_1_17\base\CComponent.php:173
Stack trace:
#0 Z:\home\e-portal-Yii-1.loc\www\Yii_fw_1_1_17\db\schema\CDbCriteria.php(160): CComponent->__set('0', 'accode=:key')
#1 Z:\home\e-portal-Yii-1.loc\www\Yii_fw_1_1_17\db\schema\CDbCommandBuilder.php(588): CDbCriteria->__construct(Array)
#2 Z:\home\e-portal-Yii-1.loc\www\Yii_fw_1_1_17\db\ar\CActiveRecord.php(1460): CDbCommandBuilder->createCriteria(Array, Array)
#3 Z:\home\e-portal-Yii-1.loc\www\protected\controllers\SiteController.php(151): CActiveRecord->find(Array, Array)
#4 Z:\home\e-portal-Yii-1.loc\www\Yii_fw_1_1_17\web\actions\CInlineAction.php(49): SiteController->actionActivation()
#5 Z:\home\e-portal-Yii-1.loc\www\Yii_fw_1_1_17\web\CController.php(308): CInlineAction->runWithParams(Array)
#6 Z:\home\e-portal-Yii-1.loc\www\Yii_fw_1_1_17\web\CController.php(286): CController->runAction(Object(CInlineAction))
#7 Z:\home\e-portal-Yii-1.loc\www\Yii_fw_1_1_17\web\CController.php(265): CController->runActionWithFilters(Object(CInlineAction), Array)
#8 Z:\home\e-portal-Yii-1.loc\www\Yii_fw_1_1_17\web\CWebApplication.php(282): CController->run('activation')
#9 Z:\home\e-portal-Yii-1.loc\www\Yii_fw_1_1_17\web\CWebApplication.php(141): CWebApplication->runController('site/activation')
#10 Z:\home\e-portal-Yii-1.loc\www\Yii_fw_1_1_17\base\CApplication.php(185): CWebApplication->processRequest()
#11 Z:\home\e-portal-Yii-1.loc\www\index.php(13): CApplication->run()
#12 {main}
REQUEST_URI=/index.php?r=site/activation&key=58662dfd5c45669218a2bdc98006e8dd
---
2016/08/10 16:01:17 [error] [php] strpos() expects parameter 1 to be string, array given (Z:\home\e-portal-Yii-1.loc\www\Yii_fw_1_1_17\web\CController.php:706)
Stack trace:
#0 Z:\home\e-portal-Yii-1.loc\www\Yii_fw_1_1_17\web\CController.php(867): SiteController->getViewFile()
#1 Z:\home\e-portal-Yii-1.loc\www\Yii_fw_1_1_17\web\CController.php(782): SiteController->renderPartial()
#2 Z:\home\e-portal-Yii-1.loc\www\protected\controllers\SiteController.php(163): SiteController->render()
#3 unknown(0): SiteController->actionActivation()
#4 Z:\home\e-portal-Yii-1.loc\www\Yii_fw_1_1_17\web\actions\CAction.php(109): ReflectionMethod->invokeArgs()
#5 Z:\home\e-portal-Yii-1.loc\www\Yii_fw_1_1_17\web\actions\CInlineAction.php(47): CInlineAction->runWithParamsInternal()
#6 Z:\home\e-portal-Yii-1.loc\www\Yii_fw_1_1_17\web\CController.php(308): CInlineAction->runWithParams()
#7 Z:\home\e-portal-Yii-1.loc\www\Yii_fw_1_1_17\web\CController.php(286): SiteController->runAction()
#8 Z:\home\e-portal-Yii-1.loc\www\Yii_fw_1_1_17\web\CController.php(265): SiteController->runActionWithFilters()
#9 Z:\home\e-portal-Yii-1.loc\www\Yii_fw_1_1_17\web\CWebApplication.php(282): SiteController->run()
#10 Z:\home\e-portal-Yii-1.loc\www\Yii_fw_1_1_17\web\CWebApplication.php(141): CWebApplication->runController()
#11 Z:\home\e-portal-Yii-1.loc\www\Yii_fw_1_1_17\base\CApplication.php(185): CWebApplication->processRequest()
#12 Z:\home\e-portal-Yii-1.loc\www\index.php(13): CWebApplication->run()
REQUEST_URI=/index.php?r=site/activation&key=58662dfd5c45669218a2bdc98006e8dd
in Z:\home\e-portal-Yii-1.loc\www\protected\controllers\SiteController.php (163)
in Z:\home\e-portal-Yii-1.loc\www\index.php (13)
2016/08/10 16:01:26 [error] [exception.CHttpException.400] exception 'CHttpException' with message 'Некорректный запрос.' in Z:\home\e-portal-Yii-1.loc\www\Yii_fw_1_1_17\web\CController.php:336
Stack trace:
#0 Z:\home\e-portal-Yii-1.loc\www\Yii_fw_1_1_17\web\CController.php(309): CController->invalidActionParams(Object(CInlineAction))
#1 Z:\home\e-portal-Yii-1.loc\www\Yii_fw_1_1_17\web\CController.php(286): CController->runAction(Object(CInlineAction))
#2 Z:\home\e-portal-Yii-1.loc\www\Yii_fw_1_1_17\web\CController.php(265): CController->runActionWithFilters(Object(CInlineAction), Array)
#3 Z:\home\e-portal-Yii-1.loc\www\Yii_fw_1_1_17\web\CWebApplication.php(282): CController->run('activation')
#4 Z:\home\e-portal-Yii-1.loc\www\Yii_fw_1_1_17\web\CWebApplication.php(141): CWebApplication->runController('site/activation')
#5 Z:\home\e-portal-Yii-1.loc\www\Yii_fw_1_1_17\base\CApplication.php(185): CWebApplication->processRequest()
#6 Z:\home\e-portal-Yii-1.loc\www\index.php(13): CApplication->run()
#7 {main}
REQUEST_URI=/index.php?r=site/activation
---
2016/08/10 16:02:25 [error] [exception.CHttpException.400] exception 'CHttpException' with message 'Некорректный запрос.' in Z:\home\e-portal-Yii-1.loc\www\Yii_fw_1_1_17\web\CController.php:336
Stack trace:
#0 Z:\home\e-portal-Yii-1.loc\www\Yii_fw_1_1_17\web\CController.php(309): CController->invalidActionParams(Object(CInlineAction))
#1 Z:\home\e-portal-Yii-1.loc\www\Yii_fw_1_1_17\web\CController.php(286): CController->runAction(Object(CInlineAction))
#2 Z:\home\e-portal-Yii-1.loc\www\Yii_fw_1_1_17\web\CController.php(265): CController->runActionWithFilters(Object(CInlineAction), Array)
#3 Z:\home\e-portal-Yii-1.loc\www\Yii_fw_1_1_17\web\CWebApplication.php(282): CController->run('activation')
#4 Z:\home\e-portal-Yii-1.loc\www\Yii_fw_1_1_17\web\CWebApplication.php(141): CWebApplication->runController('site/activation')
#5 Z:\home\e-portal-Yii-1.loc\www\Yii_fw_1_1_17\base\CApplication.php(185): CWebApplication->processRequest()
#6 Z:\home\e-portal-Yii-1.loc\www\index.php(13): CApplication->run()
#7 {main}
REQUEST_URI=/index.php?r=site/activation
---
2016/08/10 16:02:26 [error] [exception.CHttpException.400] exception 'CHttpException' with message 'Некорректный запрос.' in Z:\home\e-portal-Yii-1.loc\www\Yii_fw_1_1_17\web\CController.php:336
Stack trace:
#0 Z:\home\e-portal-Yii-1.loc\www\Yii_fw_1_1_17\web\CController.php(309): CController->invalidActionParams(Object(CInlineAction))
#1 Z:\home\e-portal-Yii-1.loc\www\Yii_fw_1_1_17\web\CController.php(286): CController->runAction(Object(CInlineAction))
#2 Z:\home\e-portal-Yii-1.loc\www\Yii_fw_1_1_17\web\CController.php(265): CController->runActionWithFilters(Object(CInlineAction), Array)
#3 Z:\home\e-portal-Yii-1.loc\www\Yii_fw_1_1_17\web\CWebApplication.php(282): CController->run('activation')
#4 Z:\home\e-portal-Yii-1.loc\www\Yii_fw_1_1_17\web\CWebApplication.php(141): CWebApplication->runController('site/activation')
#5 Z:\home\e-portal-Yii-1.loc\www\Yii_fw_1_1_17\base\CApplication.php(185): CWebApplication->processRequest()
#6 Z:\home\e-portal-Yii-1.loc\www\index.php(13): CApplication->run()
#7 {main}
REQUEST_URI=/index.php?r=site/activation
---
2016/08/10 16:02:27 [error] [exception.CHttpException.400] exception 'CHttpException' with message 'Некорректный запрос.' in Z:\home\e-portal-Yii-1.loc\www\Yii_fw_1_1_17\web\CController.php:336
Stack trace:
#0 Z:\home\e-portal-Yii-1.loc\www\Yii_fw_1_1_17\web\CController.php(309): CController->invalidActionParams(Object(CInlineAction))
#1 Z:\home\e-portal-Yii-1.loc\www\Yii_fw_1_1_17\web\CController.php(286): CController->runAction(Object(CInlineAction))
#2 Z:\home\e-portal-Yii-1.loc\www\Yii_fw_1_1_17\web\CController.php(265): CController->runActionWithFilters(Object(CInlineAction), Array)
#3 Z:\home\e-portal-Yii-1.loc\www\Yii_fw_1_1_17\web\CWebApplication.php(282): CController->run('activation')
#4 Z:\home\e-portal-Yii-1.loc\www\Yii_fw_1_1_17\web\CWebApplication.php(141): CWebApplication->runController('site/activation')
#5 Z:\home\e-portal-Yii-1.loc\www\Yii_fw_1_1_17\base\CApplication.php(185): CWebApplication->processRequest()
#6 Z:\home\e-portal-Yii-1.loc\www\index.php(13): CApplication->run()
#7 {main}
REQUEST_URI=/index.php?r=site/activation
---
2016/08/10 16:02:56 [error] [php] strpos() expects parameter 1 to be string, array given (Z:\home\e-portal-Yii-1.loc\www\Yii_fw_1_1_17\web\CController.php:706)
Stack trace:
#0 Z:\home\e-portal-Yii-1.loc\www\Yii_fw_1_1_17\web\CController.php(867): SiteController->getViewFile()
#1 Z:\home\e-portal-Yii-1.loc\www\Yii_fw_1_1_17\web\CController.php(782): SiteController->renderPartial()
#2 Z:\home\e-portal-Yii-1.loc\www\protected\controllers\SiteController.php(163): SiteController->render()
#3 unknown(0): SiteController->actionActivation()
#4 Z:\home\e-portal-Yii-1.loc\www\Yii_fw_1_1_17\web\actions\CAction.php(109): ReflectionMethod->invokeArgs()
#5 Z:\home\e-portal-Yii-1.loc\www\Yii_fw_1_1_17\web\actions\CInlineAction.php(47): CInlineAction->runWithParamsInternal()
#6 Z:\home\e-portal-Yii-1.loc\www\Yii_fw_1_1_17\web\CController.php(308): CInlineAction->runWithParams()
#7 Z:\home\e-portal-Yii-1.loc\www\Yii_fw_1_1_17\web\CController.php(286): SiteController->runAction()
#8 Z:\home\e-portal-Yii-1.loc\www\Yii_fw_1_1_17\web\CController.php(265): SiteController->runActionWithFilters()
#9 Z:\home\e-portal-Yii-1.loc\www\Yii_fw_1_1_17\web\CWebApplication.php(282): SiteController->run()
#10 Z:\home\e-portal-Yii-1.loc\www\Yii_fw_1_1_17\web\CWebApplication.php(141): CWebApplication->runController()
#11 Z:\home\e-portal-Yii-1.loc\www\Yii_fw_1_1_17\base\CApplication.php(185): CWebApplication->processRequest()
#12 Z:\home\e-portal-Yii-1.loc\www\index.php(13): CWebApplication->run()
REQUEST_URI=/index.php?r=site/activation&key=58662dfd5c45669218a2bdc98006e8dd
in Z:\home\e-portal-Yii-1.loc\www\protected\controllers\SiteController.php (163)
in Z:\home\e-portal-Yii-1.loc\www\index.php (13)
2016/08/10 16:05:03 [error] [php] strpos() expects parameter 1 to be string, array given (Z:\home\e-portal-Yii-1.loc\www\Yii_fw_1_1_17\web\CController.php:706)
Stack trace:
#0 Z:\home\e-portal-Yii-1.loc\www\Yii_fw_1_1_17\web\CController.php(867): SiteController->getViewFile()
#1 Z:\home\e-portal-Yii-1.loc\www\Yii_fw_1_1_17\web\CController.php(782): SiteController->renderPartial()
#2 Z:\home\e-portal-Yii-1.loc\www\protected\controllers\SiteController.php(163): SiteController->render()
#3 unknown(0): SiteController->actionActivation()
#4 Z:\home\e-portal-Yii-1.loc\www\Yii_fw_1_1_17\web\actions\CAction.php(109): ReflectionMethod->invokeArgs()
#5 Z:\home\e-portal-Yii-1.loc\www\Yii_fw_1_1_17\web\actions\CInlineAction.php(47): CInlineAction->runWithParamsInternal()
#6 Z:\home\e-portal-Yii-1.loc\www\Yii_fw_1_1_17\web\CController.php(308): CInlineAction->runWithParams()
#7 Z:\home\e-portal-Yii-1.loc\www\Yii_fw_1_1_17\web\CController.php(286): SiteController->runAction()
#8 Z:\home\e-portal-Yii-1.loc\www\Yii_fw_1_1_17\web\CController.php(265): SiteController->runActionWithFilters()
#9 Z:\home\e-portal-Yii-1.loc\www\Yii_fw_1_1_17\web\CWebApplication.php(282): SiteController->run()
#10 Z:\home\e-portal-Yii-1.loc\www\Yii_fw_1_1_17\web\CWebApplication.php(141): CWebApplication->runController()
#11 Z:\home\e-portal-Yii-1.loc\www\Yii_fw_1_1_17\base\CApplication.php(185): CWebApplication->processRequest()
#12 Z:\home\e-portal-Yii-1.loc\www\index.php(13): CWebApplication->run()
REQUEST_URI=/index.php?r=site/activation&key=58662dfd5c45669218a2bdc98006e8dd
in Z:\home\e-portal-Yii-1.loc\www\protected\controllers\SiteController.php (163)
in Z:\home\e-portal-Yii-1.loc\www\index.php (13)
2016/08/10 21:05:47 [error] [exception.CException] exception 'CException' with message 'Не определено свойство "LoginForm.Запомнить меня".' in Z:\home\e-portal-Yii-1.loc\www\Yii_fw_1_1_17\base\CComponent.php:130
Stack trace:
#0 Z:\home\e-portal-Yii-1.loc\www\Yii_fw_1_1_17\web\helpers\CHtml.php(2729): CComponent->__get('???????????????...')
#1 Z:\home\e-portal-Yii-1.loc\www\Yii_fw_1_1_17\web\helpers\CHtml.php(1923): CHtml::resolveValue(Object(LoginForm), '???????????????...')
#2 Z:\home\e-portal-Yii-1.loc\www\Yii_fw_1_1_17\web\widgets\CActiveForm.php(898): CHtml::activeCheckBox(Object(LoginForm), '???????????????...', Array)
#3 Z:\home\e-portal-Yii-1.loc\www\protected\views\site\login.php(36): CActiveForm->checkBox(Object(LoginForm), '???????????????...')
#4 Z:\home\e-portal-Yii-1.loc\www\Yii_fw_1_1_17\web\CBaseController.php(126): require('Z:\home\e-porta...')
#5 Z:\home\e-portal-Yii-1.loc\www\Yii_fw_1_1_17\web\CBaseController.php(95): CBaseController->renderInternal('Z:\home\e-porta...', Array, true)
#6 Z:\home\e-portal-Yii-1.loc\www\Yii_fw_1_1_17\web\CController.php(869): CBaseController->renderFile('Z:\home\e-porta...', Array, true)
#7 Z:\home\e-portal-Yii-1.loc\www\Yii_fw_1_1_17\web\CController.php(782): CController->renderPartial('login', Array, true)
#8 Z:\home\e-portal-Yii-1.loc\www\protected\controllers\SiteController.php(98): CController->render('login', Array)
#9 Z:\home\e-portal-Yii-1.loc\www\Yii_fw_1_1_17\web\actions\CInlineAction.php(49): SiteController->actionLogin()
#10 Z:\home\e-portal-Yii-1.loc\www\Yii_fw_1_1_17\web\CController.php(308): CInlineAction->runWithParams(Array)
#11 Z:\home\e-portal-Yii-1.loc\www\Yii_fw_1_1_17\web\CController.php(286): CController->runAction(Object(CInlineAction))
#12 Z:\home\e-portal-Yii-1.loc\www\Yii_fw_1_1_17\web\CController.php(265): CController->runActionWithFilters(Object(CInlineAction), Array)
#13 Z:\home\e-portal-Yii-1.loc\www\Yii_fw_1_1_17\web\CWebApplication.php(282): CController->run('login')
#14 Z:\home\e-portal-Yii-1.loc\www\Yii_fw_1_1_17\web\CWebApplication.php(141): CWebApplication->runController('site/login')
#15 Z:\home\e-portal-Yii-1.loc\www\Yii_fw_1_1_17\base\CApplication.php(185): CWebApplication->processRequest()
#16 Z:\home\e-portal-Yii-1.loc\www\index.php(13): CApplication->run()
#17 {main}
REQUEST_URI=/index.php?r=site/login
HTTP_REFERER=http://www.e-portal-yii-1.loc/index.php?r=site/registration
---
2016/08/10 21:59:26 [error] [exception.CException] exception 'CException' with message 'Не определено свойство "User.eamil".' in Z:\home\e-portal-Yii-1.loc\www\Yii_fw_1_1_17\base\CComponent.php:130
Stack trace:
#0 Z:\home\e-portal-Yii-1.loc\www\Yii_fw_1_1_17\db\ar\CActiveRecord.php(145): CComponent->__get('eamil')
#1 Z:\home\e-portal-Yii-1.loc\www\protected\controllers\SiteController.php(176): CActiveRecord->__get('eamil')
#2 Z:\home\e-portal-Yii-1.loc\www\Yii_fw_1_1_17\web\actions\CInlineAction.php(49): SiteController->actionReset()
#3 Z:\home\e-portal-Yii-1.loc\www\Yii_fw_1_1_17\web\CController.php(308): CInlineAction->runWithParams(Array)
#4 Z:\home\e-portal-Yii-1.loc\www\Yii_fw_1_1_17\web\CController.php(286): CController->runAction(Object(CInlineAction))
#5 Z:\home\e-portal-Yii-1.loc\www\Yii_fw_1_1_17\web\CController.php(265): CController->runActionWithFilters(Object(CInlineAction), Array)
#6 Z:\home\e-portal-Yii-1.loc\www\Yii_fw_1_1_17\web\CWebApplication.php(282): CController->run('reset')
#7 Z:\home\e-portal-Yii-1.loc\www\Yii_fw_1_1_17\web\CWebApplication.php(141): CWebApplication->runController('site/reset')
#8 Z:\home\e-portal-Yii-1.loc\www\Yii_fw_1_1_17\base\CApplication.php(185): CWebApplication->processRequest()
#9 Z:\home\e-portal-Yii-1.loc\www\index.php(13): CApplication->run()
#10 {main}
REQUEST_URI=/index.php?r=site/reset
HTTP_REFERER=http://www.e-portal-yii-1.loc/index.php?r=site/reset
---
2016/08/11 10:35:39 [error] [exception.CHttpException.404] exception 'CHttpException' with message 'Невозможно обработать запрос "Users/site".' in Z:\home\e-portal-Yii-1.loc\www\Yii_fw_1_1_17\web\CWebApplication.php:286
Stack trace:
#0 Z:\home\e-portal-Yii-1.loc\www\Yii_fw_1_1_17\web\CWebApplication.php(141): CWebApplication->runController('Users/site')
#1 Z:\home\e-portal-Yii-1.loc\www\Yii_fw_1_1_17\base\CApplication.php(185): CWebApplication->processRequest()
#2 Z:\home\e-portal-Yii-1.loc\www\index.php(13): CApplication->run()
#3 {main}
REQUEST_URI=/index.php?r=Users/site
---
2016/08/11 10:35:45 [error] [exception.CHttpException.404] exception 'CHttpException' with message 'Невозможно обработать запрос "Users/site/index".' in Z:\home\e-portal-Yii-1.loc\www\Yii_fw_1_1_17\web\CWebApplication.php:286
Stack trace:
#0 Z:\home\e-portal-Yii-1.loc\www\Yii_fw_1_1_17\web\CWebApplication.php(141): CWebApplication->runController('Users/site/inde...')
#1 Z:\home\e-portal-Yii-1.loc\www\Yii_fw_1_1_17\base\CApplication.php(185): CWebApplication->processRequest()
#2 Z:\home\e-portal-Yii-1.loc\www\index.php(13): CApplication->run()
#3 {main}
REQUEST_URI=/index.php?r=Users/site/index
---
2016/08/11 10:35:53 [error] [exception.CHttpException.404] exception 'CHttpException' with message 'Невозможно обработать запрос "Users/activ".' in Z:\home\e-portal-Yii-1.loc\www\Yii_fw_1_1_17\web\CWebApplication.php:286
Stack trace:
#0 Z:\home\e-portal-Yii-1.loc\www\Yii_fw_1_1_17\web\CWebApplication.php(141): CWebApplication->runController('Users/activ')
#1 Z:\home\e-portal-Yii-1.loc\www\Yii_fw_1_1_17\base\CApplication.php(185): CWebApplication->processRequest()
#2 Z:\home\e-portal-Yii-1.loc\www\index.php(13): CApplication->run()
#3 {main}
REQUEST_URI=/index.php?r=Users/activ
---
2016/08/11 11:09:35 [error] [php] include(Controller.php) [<a href='function.include'>function.include</a>]: failed to open stream: No such file or directory (Z:\home\e-portal-Yii-1.loc\www\Yii_fw_1_1_17\YiiBase.php:432)
Stack trace:
#0 Z:\home\e-portal-Yii-1.loc\www\protected\controllers\SiteController.php(4): spl_autoload_call()
#1 Z:\home\e-portal-Yii-1.loc\www\Yii_fw_1_1_17\web\CWebApplication.php(354): require()
#2 Z:\home\e-portal-Yii-1.loc\www\Yii_fw_1_1_17\web\CWebApplication.php(276): CWebApplication->createController()
#3 Z:\home\e-portal-Yii-1.loc\www\Yii_fw_1_1_17\web\CWebApplication.php(141): CWebApplication->runController()
#4 Z:\home\e-portal-Yii-1.loc\www\Yii_fw_1_1_17\base\CApplication.php(185): CWebApplication->processRequest()
#5 Z:\home\e-portal-Yii-1.loc\www\index.php(13): CWebApplication->run()
REQUEST_URI=/index.php?r=site/registration
in Z:\home\e-portal-Yii-1.loc\www\protected\controllers\SiteController.php (4)
in Z:\home\e-portal-Yii-1.loc\www\index.php (13)
2016/08/11 11:09:38 [error] [php] include(Controller.php) [<a href='function.include'>function.include</a>]: failed to open stream: No such file or directory (Z:\home\e-portal-Yii-1.loc\www\Yii_fw_1_1_17\YiiBase.php:432)
Stack trace:
#0 Z:\home\e-portal-Yii-1.loc\www\protected\controllers\SiteController.php(4): spl_autoload_call()
#1 Z:\home\e-portal-Yii-1.loc\www\Yii_fw_1_1_17\web\CWebApplication.php(354): require()
#2 Z:\home\e-portal-Yii-1.loc\www\Yii_fw_1_1_17\web\CWebApplication.php(276): CWebApplication->createController()
#3 Z:\home\e-portal-Yii-1.loc\www\Yii_fw_1_1_17\web\CWebApplication.php(141): CWebApplication->runController()
#4 Z:\home\e-portal-Yii-1.loc\www\Yii_fw_1_1_17\base\CApplication.php(185): CWebApplication->processRequest()
#5 Z:\home\e-portal-Yii-1.loc\www\index.php(13): CWebApplication->run()
REQUEST_URI=/index.php?r=site/index
in Z:\home\e-portal-Yii-1.loc\www\protected\controllers\SiteController.php (4)
in Z:\home\e-portal-Yii-1.loc\www\index.php (13)
2016/08/11 11:10:39 [error] [php] include(Controller.php) [<a href='function.include'>function.include</a>]: failed to open stream: No such file or directory (Z:\home\e-portal-Yii-1.loc\www\Yii_fw_1_1_17\YiiBase.php:432)
Stack trace:
#0 Z:\home\e-portal-Yii-1.loc\www\protected\controllers\SiteController.php(4): spl_autoload_call()
#1 Z:\home\e-portal-Yii-1.loc\www\Yii_fw_1_1_17\web\CWebApplication.php(354): require()
#2 Z:\home\e-portal-Yii-1.loc\www\Yii_fw_1_1_17\web\CWebApplication.php(276): CWebApplication->createController()
#3 Z:\home\e-portal-Yii-1.loc\www\Yii_fw_1_1_17\web\CWebApplication.php(141): CWebApplication->runController()
#4 Z:\home\e-portal-Yii-1.loc\www\Yii_fw_1_1_17\base\CApplication.php(185): CWebApplication->processRequest()
#5 Z:\home\e-portal-Yii-1.loc\www\index.php(13): CWebApplication->run()
REQUEST_URI=/index.php?r=site/index
in Z:\home\e-portal-Yii-1.loc\www\protected\controllers\SiteController.php (4)
in Z:\home\e-portal-Yii-1.loc\www\index.php (13)
2016/08/11 11:18:40 [error] [exception.CHttpException.404] exception 'CHttpException' with message 'Невозможно обработать запрос "Users/Admin/default/settings".' in Z:\home\e-portal-Yii-1.loc\www\Yii_fw_1_1_17\web\CWebApplication.php:286
Stack trace:
#0 Z:\home\e-portal-Yii-1.loc\www\Yii_fw_1_1_17\web\CWebApplication.php(141): CWebApplication->runController('Users/Admin/def...')
#1 Z:\home\e-portal-Yii-1.loc\www\Yii_fw_1_1_17\base\CApplication.php(185): CWebApplication->processRequest()
#2 Z:\home\e-portal-Yii-1.loc\www\index.php(13): CApplication->run()
#3 {main}
REQUEST_URI=/index.php?r=Users/Admin/default/settings
HTTP_REFERER=http://e-portal-yii-1.loc/index.php?r=Users
---
2016/08/11 11:19:20 [error] [exception.CHttpException.404] exception 'CHttpException' with message 'Невозможно обработать запрос "Users/Admin/default/settings".' in Z:\home\e-portal-Yii-1.loc\www\Yii_fw_1_1_17\web\CWebApplication.php:286
Stack trace:
#0 Z:\home\e-portal-Yii-1.loc\www\Yii_fw_1_1_17\web\CWebApplication.php(141): CWebApplication->runController('Users/Admin/def...')
#1 Z:\home\e-portal-Yii-1.loc\www\Yii_fw_1_1_17\base\CApplication.php(185): CWebApplication->processRequest()
#2 Z:\home\e-portal-Yii-1.loc\www\index.php(13): CApplication->run()
#3 {main}
REQUEST_URI=/index.php?r=Users/Admin/default/settings
HTTP_REFERER=http://e-portal-yii-1.loc/index.php?r=Users
---
2016/08/11 11:19:27 [error] [exception.CHttpException.404] exception 'CHttpException' with message 'Невозможно обработать запрос "Users/Users/default/settings".' in Z:\home\e-portal-Yii-1.loc\www\Yii_fw_1_1_17\web\CWebApplication.php:286
Stack trace:
#0 Z:\home\e-portal-Yii-1.loc\www\Yii_fw_1_1_17\web\CWebApplication.php(141): CWebApplication->runController('Users/Users/def...')
#1 Z:\home\e-portal-Yii-1.loc\www\Yii_fw_1_1_17\base\CApplication.php(185): CWebApplication->processRequest()
#2 Z:\home\e-portal-Yii-1.loc\www\index.php(13): CApplication->run()
#3 {main}
REQUEST_URI=/index.php?r=Users/Users/default/settings
HTTP_REFERER=http://e-portal-yii-1.loc/index.php?r=Users
---
2016/08/11 11:19:44 [error] [exception.CHttpException.404] exception 'CHttpException' with message 'Невозможно обработать запрос "default/settings".' in Z:\home\e-portal-Yii-1.loc\www\Yii_fw_1_1_17\web\CWebApplication.php:286
Stack trace:
#0 Z:\home\e-portal-Yii-1.loc\www\Yii_fw_1_1_17\web\CWebApplication.php(141): CWebApplication->runController('default/setting...')
#1 Z:\home\e-portal-Yii-1.loc\www\Yii_fw_1_1_17\base\CApplication.php(185): CWebApplication->processRequest()
#2 Z:\home\e-portal-Yii-1.loc\www\index.php(13): CApplication->run()
#3 {main}
REQUEST_URI=/index.php?r=default/settings
HTTP_REFERER=http://e-portal-yii-1.loc/index.php?r=Users
---
2016/08/11 11:22:14 [error] [php] include(Controller.php) [<a href='function.include'>function.include</a>]: failed to open stream: No such file or directory (Z:\home\e-portal-Yii-1.loc\www\Yii_fw_1_1_17\YiiBase.php:432)
Stack trace:
#0 Z:\home\e-portal-Yii-1.loc\www\protected\controllers\SiteController.php(4): spl_autoload_call()
#1 Z:\home\e-portal-Yii-1.loc\www\Yii_fw_1_1_17\web\CWebApplication.php(354): require()
#2 Z:\home\e-portal-Yii-1.loc\www\Yii_fw_1_1_17\web\CWebApplication.php(276): CWebApplication->createController()
#3 Z:\home\e-portal-Yii-1.loc\www\Yii_fw_1_1_17\web\CWebApplication.php(141): CWebApplication->runController()
#4 Z:\home\e-portal-Yii-1.loc\www\Yii_fw_1_1_17\base\CApplication.php(185): CWebApplication->processRequest()
#5 Z:\home\e-portal-Yii-1.loc\www\index.php(13): CWebApplication->run()
REQUEST_URI=/index.php?r=site/index
in Z:\home\e-portal-Yii-1.loc\www\protected\controllers\SiteController.php (4)
in Z:\home\e-portal-Yii-1.loc\www\index.php (13)
2016/08/11 11:25:18 [error] [php] include(Controller.php) [<a href='function.include'>function.include</a>]: failed to open stream: No such file or directory (Z:\home\e-portal-Yii-1.loc\www\Yii_fw_1_1_17\YiiBase.php:432)
Stack trace:
#0 Z:\home\e-portal-Yii-1.loc\www\protected\controllers\SiteController.php(4): spl_autoload_call()
#1 Z:\home\e-portal-Yii-1.loc\www\Yii_fw_1_1_17\web\CWebApplication.php(354): require()
#2 Z:\home\e-portal-Yii-1.loc\www\Yii_fw_1_1_17\web\CWebApplication.php(276): CWebApplication->createController()
#3 Z:\home\e-portal-Yii-1.loc\www\Yii_fw_1_1_17\web\CWebApplication.php(141): CWebApplication->runController()
#4 Z:\home\e-portal-Yii-1.loc\www\Yii_fw_1_1_17\base\CApplication.php(185): CWebApplication->processRequest()
#5 Z:\home\e-portal-Yii-1.loc\www\index.php(13): CWebApplication->run()
REQUEST_URI=/index.php?r=site/index
in Z:\home\e-portal-Yii-1.loc\www\protected\controllers\SiteController.php (4)
in Z:\home\e-portal-Yii-1.loc\www\index.php (13)
2016/08/11 11:25:28 [error] [php] include(Controller.php) [<a href='function.include'>function.include</a>]: failed to open stream: No such file or directory (Z:\home\e-portal-Yii-1.loc\www\Yii_fw_1_1_17\YiiBase.php:432)
Stack trace:
#0 Z:\home\e-portal-Yii-1.loc\www\protected\controllers\SiteController.php(4): spl_autoload_call()
#1 Z:\home\e-portal-Yii-1.loc\www\Yii_fw_1_1_17\web\CWebApplication.php(354): require()
#2 Z:\home\e-portal-Yii-1.loc\www\Yii_fw_1_1_17\web\CWebApplication.php(276): CWebApplication->createController()
#3 Z:\home\e-portal-Yii-1.loc\www\Yii_fw_1_1_17\web\CWebApplication.php(141): CWebApplication->runController()
#4 Z:\home\e-portal-Yii-1.loc\www\Yii_fw_1_1_17\base\CApplication.php(185): CWebApplication->processRequest()
#5 Z:\home\e-portal-Yii-1.loc\www\index.php(13): CWebApplication->run()
REQUEST_URI=/index.php?r=site/index
in Z:\home\e-portal-Yii-1.loc\www\protected\controllers\SiteController.php (4)
in Z:\home\e-portal-Yii-1.loc\www\index.php (13)
2016/08/11 11:26:05 [error] [php] include(Controller.php) [<a href='function.include'>function.include</a>]: failed to open stream: No such file or directory (Z:\home\e-portal-Yii-1.loc\www\Yii_fw_1_1_17\YiiBase.php:432)
Stack trace:
#0 Z:\home\e-portal-Yii-1.loc\www\protected\controllers\SiteController.php(4): spl_autoload_call()
#1 Z:\home\e-portal-Yii-1.loc\www\Yii_fw_1_1_17\web\CWebApplication.php(354): require()
#2 Z:\home\e-portal-Yii-1.loc\www\Yii_fw_1_1_17\web\CWebApplication.php(276): CWebApplication->createController()
#3 Z:\home\e-portal-Yii-1.loc\www\Yii_fw_1_1_17\web\CWebApplication.php(141): CWebApplication->runController()
#4 Z:\home\e-portal-Yii-1.loc\www\Yii_fw_1_1_17\base\CApplication.php(185): CWebApplication->processRequest()
#5 Z:\home\e-portal-Yii-1.loc\www\index.php(13): CWebApplication->run()
REQUEST_URI=/index.php?r=site/index
in Z:\home\e-portal-Yii-1.loc\www\protected\controllers\SiteController.php (4)
in Z:\home\e-portal-Yii-1.loc\www\index.php (13)
2016/08/11 11:26:11 [error] [php] include(Controller.php) [<a href='function.include'>function.include</a>]: failed to open stream: No such file or directory (Z:\home\e-portal-Yii-1.loc\www\Yii_fw_1_1_17\YiiBase.php:432)
Stack trace:
#0 Z:\home\e-portal-Yii-1.loc\www\protected\controllers\SiteController.php(4): spl_autoload_call()
#1 Z:\home\e-portal-Yii-1.loc\www\Yii_fw_1_1_17\web\CWebApplication.php(354): require()
#2 Z:\home\e-portal-Yii-1.loc\www\Yii_fw_1_1_17\web\CWebApplication.php(276): CWebApplication->createController()
#3 Z:\home\e-portal-Yii-1.loc\www\Yii_fw_1_1_17\web\CWebApplication.php(141): CWebApplication->runController()
#4 Z:\home\e-portal-Yii-1.loc\www\Yii_fw_1_1_17\base\CApplication.php(185): CWebApplication->processRequest()
#5 Z:\home\e-portal-Yii-1.loc\www\index.php(13): CWebApplication->run()
REQUEST_URI=/index.php?r=site/index
in Z:\home\e-portal-Yii-1.loc\www\protected\controllers\SiteController.php (4)
in Z:\home\e-portal-Yii-1.loc\www\index.php (13)
2016/08/11 11:29:01 [error] [php] include(Controller.php) [<a href='function.include'>function.include</a>]: failed to open stream: No such file or directory (Z:\home\e-portal-Yii-1.loc\www\Yii_fw_1_1_17\YiiBase.php:432)
Stack trace:
#0 Z:\home\e-portal-Yii-1.loc\www\protected\controllers\SiteController.php(4): spl_autoload_call()
#1 Z:\home\e-portal-Yii-1.loc\www\Yii_fw_1_1_17\web\CWebApplication.php(354): require()
#2 Z:\home\e-portal-Yii-1.loc\www\Yii_fw_1_1_17\web\CWebApplication.php(276): CWebApplication->createController()
#3 Z:\home\e-portal-Yii-1.loc\www\Yii_fw_1_1_17\web\CWebApplication.php(141): CWebApplication->runController()
#4 Z:\home\e-portal-Yii-1.loc\www\Yii_fw_1_1_17\base\CApplication.php(185): CWebApplication->processRequest()
#5 Z:\home\e-portal-Yii-1.loc\www\index.php(13): CWebApplication->run()
REQUEST_URI=/
in Z:\home\e-portal-Yii-1.loc\www\protected\controllers\SiteController.php (4)
in Z:\home\e-portal-Yii-1.loc\www\index.php (13)
2016/08/11 14:47:30 [error] [exception.CException] exception 'CException' with message 'В классе User и его поведениях не найден метод или замыкание с именем "beginWidget".' in Z:\home\e-portal-Yii-1.loc\www\Yii_fw_1_1_17\base\CComponent.php:266
Stack trace:
#0 Z:\home\e-portal-Yii-1.loc\www\Yii_fw_1_1_17\db\ar\CActiveRecord.php(227): CComponent->__call('beginWidget', Array)
#1 Z:\home\e-portal-Yii-1.loc\www\protected\modules\Users\views\default\change.php(27): CActiveRecord->__call('beginWidget', Array)
#2 Z:\home\e-portal-Yii-1.loc\www\protected\modules\Users\views\default\change.php(27): User->beginWidget('CActiveForm', Array)
#3 Z:\home\e-portal-Yii-1.loc\www\Yii_fw_1_1_17\web\CBaseController.php(126): require('Z:\home\e-porta...')
#4 Z:\home\e-portal-Yii-1.loc\www\Yii_fw_1_1_17\web\CBaseController.php(95): CBaseController->renderInternal('Z:\home\e-porta...', Array, true)
#5 Z:\home\e-portal-Yii-1.loc\www\Yii_fw_1_1_17\web\CController.php(869): CBaseController->renderFile('Z:\home\e-porta...', Array, true)
#6 Z:\home\e-portal-Yii-1.loc\www\Yii_fw_1_1_17\web\CController.php(782): CController->renderPartial('change', Array, true)
#7 Z:\home\e-portal-Yii-1.loc\www\protected\modules\Users\controllers\DefaultController.php(23): CController->render('change', Array)
#8 Z:\home\e-portal-Yii-1.loc\www\Yii_fw_1_1_17\web\actions\CInlineAction.php(49): DefaultController->actionChange()
#9 Z:\home\e-portal-Yii-1.loc\www\Yii_fw_1_1_17\web\CController.php(308): CInlineAction->runWithParams(Array)
#10 Z:\home\e-portal-Yii-1.loc\www\Yii_fw_1_1_17\web\CController.php(286): CController->runAction(Object(CInlineAction))
#11 Z:\home\e-portal-Yii-1.loc\www\Yii_fw_1_1_17\web\CController.php(265): CController->runActionWithFilters(Object(CInlineAction), Array)
#12 Z:\home\e-portal-Yii-1.loc\www\Yii_fw_1_1_17\web\CWebApplication.php(282): CController->run('change')
#13 Z:\home\e-portal-Yii-1.loc\www\Yii_fw_1_1_17\web\CWebApplication.php(141): CWebApplication->runController('Users/default/c...')
#14 Z:\home\e-portal-Yii-1.loc\www\Yii_fw_1_1_17\base\CApplication.php(185): CWebApplication->processRequest()
#15 Z:\home\e-portal-Yii-1.loc\www\index.php(13): CApplication->run()
#16 {main}
REQUEST_URI=/index.php?r=Users/default/change
HTTP_REFERER=http://e-portal-yii-1.loc/index.php?r=Users/default/settings
---
2016/08/11 15:31:19 [error] [exception.CException] exception 'CException' with message 'Не определено свойство "CWebUser.email".' in Z:\home\e-portal-Yii-1.loc\www\Yii_fw_1_1_17\base\CComponent.php:130
Stack trace:
#0 Z:\home\e-portal-Yii-1.loc\www\Yii_fw_1_1_17\web\auth\CWebUser.php(146): CComponent->__get('email')
#1 Z:\home\e-portal-Yii-1.loc\www\protected\modules\Users\controllers\DefaultController.php(23): CWebUser->__get('email')
#2 Z:\home\e-portal-Yii-1.loc\www\Yii_fw_1_1_17\web\actions\CInlineAction.php(49): DefaultController->actionChange()
#3 Z:\home\e-portal-Yii-1.loc\www\Yii_fw_1_1_17\web\CController.php(308): CInlineAction->runWithParams(Array)
#4 Z:\home\e-portal-Yii-1.loc\www\Yii_fw_1_1_17\web\CController.php(286): CController->runAction(Object(CInlineAction))
#5 Z:\home\e-portal-Yii-1.loc\www\Yii_fw_1_1_17\web\CController.php(265): CController->runActionWithFilters(Object(CInlineAction), Array)
#6 Z:\home\e-portal-Yii-1.loc\www\Yii_fw_1_1_17\web\CWebApplication.php(282): CController->run('change')
#7 Z:\home\e-portal-Yii-1.loc\www\Yii_fw_1_1_17\web\CWebApplication.php(141): CWebApplication->runController('Users/default/c...')
#8 Z:\home\e-portal-Yii-1.loc\www\Yii_fw_1_1_17\base\CApplication.php(185): CWebApplication->processRequest()
#9 Z:\home\e-portal-Yii-1.loc\www\index.php(13): CApplication->run()
#10 {main}
REQUEST_URI=/index.php?r=Users/default/change
HTTP_REFERER=http://e-portal-yii-1.loc/index.php?r=Users/default/change
---
2016/08/11 15:56:15 [error] [exception.CException] exception 'CException' with message 'Не определено свойство "User.password1".' in Z:\home\e-portal-Yii-1.loc\www\Yii_fw_1_1_17\base\CComponent.php:130
Stack trace:
#0 Z:\home\e-portal-Yii-1.loc\www\Yii_fw_1_1_17\db\ar\CActiveRecord.php(145): CComponent->__get('password1')
#1 Z:\home\e-portal-Yii-1.loc\www\Yii_fw_1_1_17\web\helpers\CHtml.php(2729): CActiveRecord->__get('password1')
#2 Z:\home\e-portal-Yii-1.loc\www\Yii_fw_1_1_17\web\helpers\CHtml.php(2452): CHtml::resolveValue(Object(User), 'password1')
#3 Z:\home\e-portal-Yii-1.loc\www\Yii_fw_1_1_17\web\helpers\CHtml.php(1534): CHtml::activeInputField('text', Object(User), 'password1', Array)
#4 Z:\home\e-portal-Yii-1.loc\www\Yii_fw_1_1_17\web\widgets\CActiveForm.php(792): CHtml::activeTextField(Object(User), 'password1', Array)
#5 Z:\home\e-portal-Yii-1.loc\www\protected\modules\Users\views\default\change.php(32): CActiveForm->textField(Object(User), 'password1', Array)
#6 Z:\home\e-portal-Yii-1.loc\www\Yii_fw_1_1_17\web\CBaseController.php(126): require('Z:\home\e-porta...')
#7 Z:\home\e-portal-Yii-1.loc\www\Yii_fw_1_1_17\web\CBaseController.php(95): CBaseController->renderInternal('Z:\home\e-porta...', Array, true)
#8 Z:\home\e-portal-Yii-1.loc\www\Yii_fw_1_1_17\web\CController.php(869): CBaseController->renderFile('Z:\home\e-porta...', Array, true)
#9 Z:\home\e-portal-Yii-1.loc\www\Yii_fw_1_1_17\web\CController.php(782): CController->renderPartial('change', Array, true)
#10 Z:\home\e-portal-Yii-1.loc\www\protected\modules\Users\controllers\DefaultController.php(38): CController->render('change', Array)
#11 Z:\home\e-portal-Yii-1.loc\www\Yii_fw_1_1_17\web\actions\CInlineAction.php(49): DefaultController->actionChange()
#12 Z:\home\e-portal-Yii-1.loc\www\Yii_fw_1_1_17\web\CController.php(308): CInlineAction->runWithParams(Array)
#13 Z:\home\e-portal-Yii-1.loc\www\Yii_fw_1_1_17\web\CController.php(286): CController->runAction(Object(CInlineAction))
#14 Z:\home\e-portal-Yii-1.loc\www\Yii_fw_1_1_17\web\CController.php(265): CController->runActionWithFilters(Object(CInlineAction), Array)
#15 Z:\home\e-portal-Yii-1.loc\www\Yii_fw_1_1_17\web\CWebApplication.php(282): CController->run('change')
#16 Z:\home\e-portal-Yii-1.loc\www\Yii_fw_1_1_17\web\CWebApplication.php(141): CWebApplication->runController('Users/default/c...')
#17 Z:\home\e-portal-Yii-1.loc\www\Yii_fw_1_1_17\base\CApplication.php(185): CWebApplication->processRequest()
#18 Z:\home\e-portal-Yii-1.loc\www\index.php(13): CApplication->run()
#19 {main}
REQUEST_URI=/index.php?r=Users/default/change
HTTP_REFERER=http://e-portal-yii-1.loc/index.php?r=Users/default/settings
---
2016/08/11 19:51:06 [error] [exception.CException] exception 'CException' with message 'Не определено свойство "User.passwowrd".' in Z:\home\e-portal-Yii-1.loc\www\Yii_fw_1_1_17\base\CComponent.php:130
Stack trace:
#0 Z:\home\e-portal-Yii-1.loc\www\Yii_fw_1_1_17\db\ar\CActiveRecord.php(145): CComponent->__get('passwowrd')
#1 Z:\home\e-portal-Yii-1.loc\www\Yii_fw_1_1_17\validators\CRequiredValidator.php(58): CActiveRecord->__get('passwowrd')
#2 Z:\home\e-portal-Yii-1.loc\www\Yii_fw_1_1_17\validators\CValidator.php(201): CRequiredValidator->validateAttribute(Object(User), 'passwowrd')
#3 Z:\home\e-portal-Yii-1.loc\www\Yii_fw_1_1_17\base\CModel.php(159): CValidator->validate(Object(User), NULL)
#4 Z:\home\e-portal-Yii-1.loc\www\Yii_fw_1_1_17\db\ar\CActiveRecord.php(808): CModel->validate(NULL)
#5 Z:\home\e-portal-Yii-1.loc\www\protected\modules\Users\controllers\DefaultController.php(34): CActiveRecord->save()
#6 Z:\home\e-portal-Yii-1.loc\www\Yii_fw_1_1_17\web\actions\CInlineAction.php(49): DefaultController->actionChange()
#7 Z:\home\e-portal-Yii-1.loc\www\Yii_fw_1_1_17\web\CController.php(308): CInlineAction->runWithParams(Array)
#8 Z:\home\e-portal-Yii-1.loc\www\Yii_fw_1_1_17\web\CController.php(286): CController->runAction(Object(CInlineAction))
#9 Z:\home\e-portal-Yii-1.loc\www\Yii_fw_1_1_17\web\CController.php(265): CController->runActionWithFilters(Object(CInlineAction), Array)
#10 Z:\home\e-portal-Yii-1.loc\www\Yii_fw_1_1_17\web\CWebApplication.php(282): CController->run('change')
#11 Z:\home\e-portal-Yii-1.loc\www\Yii_fw_1_1_17\web\CWebApplication.php(141): CWebApplication->runController('Users/default/c...')
#12 Z:\home\e-portal-Yii-1.loc\www\Yii_fw_1_1_17\base\CApplication.php(185): CWebApplication->processRequest()
#13 Z:\home\e-portal-Yii-1.loc\www\index.php(13): CApplication->run()
#14 {main}
REQUEST_URI=/index.php?r=Users/default/change
HTTP_REFERER=http://e-portal-yii-1.loc/index.php?r=Users/default/change
---
2016/08/11 20:17:42 [error] [php] include(required, email.php) [<a href='function.include'>function.include</a>]: failed to open stream: No such file or directory (Z:\home\e-portal-Yii-1.loc\www\Yii_fw_1_1_17\YiiBase.php:432)
Stack trace:
#0 unknown(0): spl_autoload_call()
#1 Z:\home\e-portal-Yii-1.loc\www\Yii_fw_1_1_17\YiiBase.php(303): class_exists()
#2 Z:\home\e-portal-Yii-1.loc\www\Yii_fw_1_1_17\validators\CValidator.php(174): import()
#3 Z:\home\e-portal-Yii-1.loc\www\Yii_fw_1_1_17\base\CModel.php(287): createValidator()
#4 Z:\home\e-portal-Yii-1.loc\www\Yii_fw_1_1_17\base\CModel.php(260): User->createValidators()
#5 Z:\home\e-portal-Yii-1.loc\www\Yii_fw_1_1_17\base\CModel.php(304): User->getValidators()
#6 Z:\home\e-portal-Yii-1.loc\www\Yii_fw_1_1_17\web\helpers\CHtml.php(1514): User->isAttributeRequired()
#7 Z:\home\e-portal-Yii-1.loc\www\Yii_fw_1_1_17\web\widgets\CActiveForm.php(600): activeLabelEx()
#8 Z:\home\e-portal-Yii-1.loc\www\protected\views\site\reset.php(34): CActiveForm->labelEx()
#9 Z:\home\e-portal-Yii-1.loc\www\Yii_fw_1_1_17\web\CBaseController.php(126): require()
#10 Z:\home\e-portal-Yii-1.loc\www\Yii_fw_1_1_17\web\CBaseController.php(95): SiteController->renderInternal()
#11 Z:\home\e-portal-Yii-1.loc\www\Yii_fw_1_1_17\web\CController.php(869): SiteController->renderFile()
#12 Z:\home\e-portal-Yii-1.loc\www\Yii_fw_1_1_17\web\CController.php(782): SiteController->renderPartial()
#13 Z:\home\e-portal-Yii-1.loc\www\protected\controllers\SiteController.php(198): SiteController->render()
#14 Z:\home\e-portal-Yii-1.loc\www\Yii_fw_1_1_17\web\actions\CInlineAction.php(49): SiteController->actionReset()
#15 Z:\home\e-portal-Yii-1.loc\www\Yii_fw_1_1_17\web\CController.php(308): CInlineAction->runWithParams()
#16 Z:\home\e-portal-Yii-1.loc\www\Yii_fw_1_1_17\web\CController.php(286): SiteController->runAction()
#17 Z:\home\e-portal-Yii-1.loc\www\Yii_fw_1_1_17\web\CController.php(265): SiteController->runActionWithFilters()
#18 Z:\home\e-portal-Yii-1.loc\www\Yii_fw_1_1_17\web\CWebApplication.php(282): SiteController->run()
#19 Z:\home\e-portal-Yii-1.loc\www\Yii_fw_1_1_17\web\CWebApplication.php(141): CWebApplication->runController()
#20 Z:\home\e-portal-Yii-1.loc\www\Yii_fw_1_1_17\base\CApplication.php(185): CWebApplication->processRequest()
#21 Z:\home\e-portal-Yii-1.loc\www\index.php(13): CWebApplication->run()
REQUEST_URI=/index.php?r=site/reset
in Z:\home\e-portal-Yii-1.loc\www\protected\views\site\reset.php (34)
in Z:\home\e-portal-Yii-1.loc\www\protected\controllers\SiteController.php (198)
in Z:\home\e-portal-Yii-1.loc\www\index.php (13)
2016/08/11 21:06:06 [error] [exception.CException] exception 'CException' with message 'Не определено свойство "LoginForm.email".' in Z:\home\e-portal-Yii-1.loc\www\Yii_fw_1_1_17\base\CComponent.php:130
Stack trace:
#0 Z:\home\e-portal-Yii-1.loc\www\Yii_fw_1_1_17\web\helpers\CHtml.php(2729): CComponent->__get('email')
#1 Z:\home\e-portal-Yii-1.loc\www\Yii_fw_1_1_17\web\helpers\CHtml.php(2452): CHtml::resolveValue(Object(LoginForm), 'email')
#2 Z:\home\e-portal-Yii-1.loc\www\Yii_fw_1_1_17\web\helpers\CHtml.php(1534): CHtml::activeInputField('text', Object(LoginForm), 'email', Array)
#3 Z:\home\e-portal-Yii-1.loc\www\Yii_fw_1_1_17\web\widgets\CActiveForm.php(792): CHtml::activeTextField(Object(LoginForm), 'email', Array)
#4 Z:\home\e-portal-Yii-1.loc\www\protected\views\site\login.php(23): CActiveForm->textField(Object(LoginForm), 'email')
#5 Z:\home\e-portal-Yii-1.loc\www\Yii_fw_1_1_17\web\CBaseController.php(126): require('Z:\home\e-porta...')
#6 Z:\home\e-portal-Yii-1.loc\www\Yii_fw_1_1_17\web\CBaseController.php(95): CBaseController->renderInternal('Z:\home\e-porta...', Array, true)
#7 Z:\home\e-portal-Yii-1.loc\www\Yii_fw_1_1_17\web\CController.php(869): CBaseController->renderFile('Z:\home\e-porta...', Array, true)
#8 Z:\home\e-portal-Yii-1.loc\www\Yii_fw_1_1_17\web\CController.php(782): CController->renderPartial('login', Array, true)
#9 Z:\home\e-portal-Yii-1.loc\www\protected\controllers\SiteController.php(98): CController->render('login', Array)
#10 Z:\home\e-portal-Yii-1.loc\www\Yii_fw_1_1_17\web\actions\CInlineAction.php(49): SiteController->actionLogin()
#11 Z:\home\e-portal-Yii-1.loc\www\Yii_fw_1_1_17\web\CController.php(308): CInlineAction->runWithParams(Array)
#12 Z:\home\e-portal-Yii-1.loc\www\Yii_fw_1_1_17\web\CController.php(286): CController->runAction(Object(CInlineAction))
#13 Z:\home\e-portal-Yii-1.loc\www\Yii_fw_1_1_17\web\CController.php(265): CController->runActionWithFilters(Object(CInlineAction), Array)
#14 Z:\home\e-portal-Yii-1.loc\www\Yii_fw_1_1_17\web\CWebApplication.php(282): CController->run('login')
#15 Z:\home\e-portal-Yii-1.loc\www\Yii_fw_1_1_17\web\CWebApplication.php(141): CWebApplication->runController('site/login')
#16 Z:\home\e-portal-Yii-1.loc\www\Yii_fw_1_1_17\base\CApplication.php(185): CWebApplication->processRequest()
#17 Z:\home\e-portal-Yii-1.loc\www\index.php(13): CApplication->run()
#18 {main}
REQUEST_URI=/index.php?r=site/login
HTTP_REFERER=http://e-portal-yii-1.loc/index.php
---
2016/08/11 21:08:04 [error] [exception.CException] exception 'CException' with message 'Не определено свойство "LoginForm.email".' in Z:\home\e-portal-Yii-1.loc\www\Yii_fw_1_1_17\base\CComponent.php:130
Stack trace:
#0 Z:\home\e-portal-Yii-1.loc\www\Yii_fw_1_1_17\web\helpers\CHtml.php(2729): CComponent->__get('email')
#1 Z:\home\e-portal-Yii-1.loc\www\Yii_fw_1_1_17\web\helpers\CHtml.php(2452): CHtml::resolveValue(Object(LoginForm), 'email')
#2 Z:\home\e-portal-Yii-1.loc\www\Yii_fw_1_1_17\web\helpers\CHtml.php(1534): CHtml::activeInputField('text', Object(LoginForm), 'email', Array)
#3 Z:\home\e-portal-Yii-1.loc\www\Yii_fw_1_1_17\web\widgets\CActiveForm.php(792): CHtml::activeTextField(Object(LoginForm), 'email', Array)
#4 Z:\home\e-portal-Yii-1.loc\www\protected\views\site\login.php(23): CActiveForm->textField(Object(LoginForm), 'email')
#5 Z:\home\e-portal-Yii-1.loc\www\Yii_fw_1_1_17\web\CBaseController.php(126): require('Z:\home\e-porta...')
#6 Z:\home\e-portal-Yii-1.loc\www\Yii_fw_1_1_17\web\CBaseController.php(95): CBaseController->renderInternal('Z:\home\e-porta...', Array, true)
#7 Z:\home\e-portal-Yii-1.loc\www\Yii_fw_1_1_17\web\CController.php(869): CBaseController->renderFile('Z:\home\e-porta...', Array, true)
#8 Z:\home\e-portal-Yii-1.loc\www\Yii_fw_1_1_17\web\CController.php(782): CController->renderPartial('login', Array, true)
#9 Z:\home\e-portal-Yii-1.loc\www\protected\controllers\SiteController.php(98): CController->render('login', Array)
#10 Z:\home\e-portal-Yii-1.loc\www\Yii_fw_1_1_17\web\actions\CInlineAction.php(49): SiteController->actionLogin()
#11 Z:\home\e-portal-Yii-1.loc\www\Yii_fw_1_1_17\web\CController.php(308): CInlineAction->runWithParams(Array)
#12 Z:\home\e-portal-Yii-1.loc\www\Yii_fw_1_1_17\web\CController.php(286): CController->runAction(Object(CInlineAction))
#13 Z:\home\e-portal-Yii-1.loc\www\Yii_fw_1_1_17\web\CController.php(265): CController->runActionWithFilters(Object(CInlineAction), Array)
#14 Z:\home\e-portal-Yii-1.loc\www\Yii_fw_1_1_17\web\CWebApplication.php(282): CController->run('login')
#15 Z:\home\e-portal-Yii-1.loc\www\Yii_fw_1_1_17\web\CWebApplication.php(141): CWebApplication->runController('site/login')
#16 Z:\home\e-portal-Yii-1.loc\www\Yii_fw_1_1_17\base\CApplication.php(185): CWebApplication->processRequest()
#17 Z:\home\e-portal-Yii-1.loc\www\index.php(13): CApplication->run()
#18 {main}
REQUEST_URI=/index.php?r=site/login
HTTP_REFERER=http://e-portal-yii-1.loc/index.php
---
2016/08/11 21:08:06 [error] [exception.CException] exception 'CException' with message 'Не определено свойство "LoginForm.email".' in Z:\home\e-portal-Yii-1.loc\www\Yii_fw_1_1_17\base\CComponent.php:130
Stack trace:
#0 Z:\home\e-portal-Yii-1.loc\www\Yii_fw_1_1_17\web\helpers\CHtml.php(2729): CComponent->__get('email')
#1 Z:\home\e-portal-Yii-1.loc\www\Yii_fw_1_1_17\web\helpers\CHtml.php(2452): CHtml::resolveValue(Object(LoginForm), 'email')
#2 Z:\home\e-portal-Yii-1.loc\www\Yii_fw_1_1_17\web\helpers\CHtml.php(1534): CHtml::activeInputField('text', Object(LoginForm), 'email', Array)
#3 Z:\home\e-portal-Yii-1.loc\www\Yii_fw_1_1_17\web\widgets\CActiveForm.php(792): CHtml::activeTextField(Object(LoginForm), 'email', Array)
#4 Z:\home\e-portal-Yii-1.loc\www\protected\views\site\login.php(23): CActiveForm->textField(Object(LoginForm), 'email')
#5 Z:\home\e-portal-Yii-1.loc\www\Yii_fw_1_1_17\web\CBaseController.php(126): require('Z:\home\e-porta...')
#6 Z:\home\e-portal-Yii-1.loc\www\Yii_fw_1_1_17\web\CBaseController.php(95): CBaseController->renderInternal('Z:\home\e-porta...', Array, true)
#7 Z:\home\e-portal-Yii-1.loc\www\Yii_fw_1_1_17\web\CController.php(869): CBaseController->renderFile('Z:\home\e-porta...', Array, true)
#8 Z:\home\e-portal-Yii-1.loc\www\Yii_fw_1_1_17\web\CController.php(782): CController->renderPartial('login', Array, true)
#9 Z:\home\e-portal-Yii-1.loc\www\protected\controllers\SiteController.php(98): CController->render('login', Array)
#10 Z:\home\e-portal-Yii-1.loc\www\Yii_fw_1_1_17\web\actions\CInlineAction.php(49): SiteController->actionLogin()
#11 Z:\home\e-portal-Yii-1.loc\www\Yii_fw_1_1_17\web\CController.php(308): CInlineAction->runWithParams(Array)
#12 Z:\home\e-portal-Yii-1.loc\www\Yii_fw_1_1_17\web\CController.php(286): CController->runAction(Object(CInlineAction))
#13 Z:\home\e-portal-Yii-1.loc\www\Yii_fw_1_1_17\web\CController.php(265): CController->runActionWithFilters(Object(CInlineAction), Array)
#14 Z:\home\e-portal-Yii-1.loc\www\Yii_fw_1_1_17\web\CWebApplication.php(282): CController->run('login')
#15 Z:\home\e-portal-Yii-1.loc\www\Yii_fw_1_1_17\web\CWebApplication.php(141): CWebApplication->runController('site/login')
#16 Z:\home\e-portal-Yii-1.loc\www\Yii_fw_1_1_17\base\CApplication.php(185): CWebApplication->processRequest()
#17 Z:\home\e-portal-Yii-1.loc\www\index.php(13): CApplication->run()
#18 {main}
REQUEST_URI=/index.php?r=site/login
HTTP_REFERER=http://e-portal-yii-1.loc/index.php
---
2016/08/11 21:14:33 [error] [exception.CException] exception 'CException' with message 'Не определено свойство "UserIdentity.email".' in Z:\home\e-portal-Yii-1.loc\www\Yii_fw_1_1_17\base\CComponent.php:130
Stack trace:
#0 Z:\home\e-portal-Yii-1.loc\www\protected\components\UserIdentity.php(9): CComponent->__get('email')
#1 Z:\home\e-portal-Yii-1.loc\www\protected\models\LoginForm.php(56): UserIdentity->authenticate()
#2 Z:\home\e-portal-Yii-1.loc\www\Yii_fw_1_1_17\validators\CInlineValidator.php(42): LoginForm->authenticate('password', Array)
#3 Z:\home\e-portal-Yii-1.loc\www\Yii_fw_1_1_17\validators\CValidator.php(201): CInlineValidator->validateAttribute(Object(LoginForm), 'password')
#4 Z:\home\e-portal-Yii-1.loc\www\Yii_fw_1_1_17\base\CModel.php(159): CValidator->validate(Object(LoginForm), NULL)
#5 Z:\home\e-portal-Yii-1.loc\www\protected\controllers\SiteController.php(94): CModel->validate()
#6 Z:\home\e-portal-Yii-1.loc\www\Yii_fw_1_1_17\web\actions\CInlineAction.php(49): SiteController->actionLogin()
#7 Z:\home\e-portal-Yii-1.loc\www\Yii_fw_1_1_17\web\CController.php(308): CInlineAction->runWithParams(Array)
#8 Z:\home\e-portal-Yii-1.loc\www\Yii_fw_1_1_17\web\CController.php(286): CController->runAction(Object(CInlineAction))
#9 Z:\home\e-portal-Yii-1.loc\www\Yii_fw_1_1_17\web\CController.php(265): CController->runActionWithFilters(Object(CInlineAction), Array)
#10 Z:\home\e-portal-Yii-1.loc\www\Yii_fw_1_1_17\web\CWebApplication.php(282): CController->run('login')
#11 Z:\home\e-portal-Yii-1.loc\www\Yii_fw_1_1_17\web\CWebApplication.php(141): CWebApplication->runController('site/login')
#12 Z:\home\e-portal-Yii-1.loc\www\Yii_fw_1_1_17\base\CApplication.php(185): CWebApplication->processRequest()
#13 Z:\home\e-portal-Yii-1.loc\www\index.php(13): CApplication->run()
#14 {main}
REQUEST_URI=/index.php?r=site/login
HTTP_REFERER=http://e-portal-yii-1.loc/index.php?r=site/login
---
2016/08/11 21:18:04 [warning] [application] Не удалось присвоить небезопасный атрибут "email" класса "LoginForm".
in Z:\home\e-portal-Yii-1.loc\www\protected\controllers\SiteController.php (92)
in Z:\home\e-portal-Yii-1.loc\www\index.php (13)
2016/08/11 21:18:43 [warning] [application] Не удалось присвоить небезопасный атрибут "email" класса "LoginForm".
in Z:\home\e-portal-Yii-1.loc\www\protected\controllers\SiteController.php (92)
in Z:\home\e-portal-Yii-1.loc\www\index.php (13)
2016/08/12 18:10:36 [error] [php] session_regenerate_id() [<a href='function.session-regenerate-id'>function.session-regenerate-id</a>]: Cannot regenerate session id - headers already sent (Z:\home\e-portal-Yii-1.loc\www\Yii_fw_1_1_17\web\CHttpSession.php:182)
Stack trace:
#0 Z:\home\e-portal-Yii-1.loc\www\Yii_fw_1_1_17\web\auth\CWebUser.php(233): CWebUser->changeIdentity()
#1 Z:\home\e-portal-Yii-1.loc\www\protected\models\LoginForm.php(75): CWebUser->login()
#2 Z:\home\e-portal-Yii-1.loc\www\protected\controllers\SiteController.php(107): LoginForm->login()
#3 Z:\home\e-portal-Yii-1.loc\www\Yii_fw_1_1_17\web\actions\CInlineAction.php(49): SiteController->actionLogin()
#4 Z:\home\e-portal-Yii-1.loc\www\Yii_fw_1_1_17\web\CController.php(308): CInlineAction->runWithParams()
#5 Z:\home\e-portal-Yii-1.loc\www\Yii_fw_1_1_17\web\CController.php(286): SiteController->runAction()
#6 Z:\home\e-portal-Yii-1.loc\www\Yii_fw_1_1_17\web\CController.php(265): SiteController->runActionWithFilters()
#7 Z:\home\e-portal-Yii-1.loc\www\Yii_fw_1_1_17\web\CWebApplication.php(282): SiteController->run()
#8 Z:\home\e-portal-Yii-1.loc\www\Yii_fw_1_1_17\web\CWebApplication.php(141): CWebApplication->runController()
#9 Z:\home\e-portal-Yii-1.loc\www\Yii_fw_1_1_17\base\CApplication.php(185): CWebApplication->processRequest()
#10 Z:\home\e-portal-Yii-1.loc\www\index.php(13): CWebApplication->run()
REQUEST_URI=/index.php?r=site/login
in Z:\home\e-portal-Yii-1.loc\www\protected\models\LoginForm.php (75)
in Z:\home\e-portal-Yii-1.loc\www\protected\controllers\SiteController.php (107)
in Z:\home\e-portal-Yii-1.loc\www\index.php (13)
2016/08/12 22:02:17 [error] [exception.CHttpException.400] exception 'CHttpException' with message 'Некорректный запрос.' in Z:\home\e-portal-Yii-1.loc\www\Yii_fw_1_1_17\web\CController.php:336
Stack trace:
#0 Z:\home\e-portal-Yii-1.loc\www\Yii_fw_1_1_17\web\CController.php(309): CController->invalidActionParams(Object(CInlineAction))
#1 Z:\home\e-portal-Yii-1.loc\www\Yii_fw_1_1_17\web\CController.php(286): CController->runAction(Object(CInlineAction))
#2 Z:\home\e-portal-Yii-1.loc\www\Yii_fw_1_1_17\web\CController.php(265): CController->runActionWithFilters(Object(CInlineAction), Array)
#3 Z:\home\e-portal-Yii-1.loc\www\Yii_fw_1_1_17\web\CWebApplication.php(282): CController->run('ConfirmChangePa...')
#4 Z:\home\e-portal-Yii-1.loc\www\Yii_fw_1_1_17\web\CWebApplication.php(141): CWebApplication->runController('site/ConfirmCha...')
#5 Z:\home\e-portal-Yii-1.loc\www\Yii_fw_1_1_17\base\CApplication.php(185): CWebApplication->processRequest()
#6 Z:\home\e-portal-Yii-1.loc\www\index.php(13): CApplication->run()
#7 {main}
REQUEST_URI=/index.php?r=site/ConfirmChangePassword
---
